2024-08-14 15:06:24,932 - __main__ - INFO - Starting to download datasets...
2024-08-14 15:06:47,048 - __main__ - INFO - IMDB datasets downloaded.
2024-08-14 15:06:49,359 - __main__ - INFO - Kaggle datasets downloaded.
2024-08-14 15:06:49,359 - __main__ - INFO - Starting web scraping for combined Netflix movies...
2024-08-14 15:07:45,516 - __main__ - INFO - Web scraping completed.
2024-08-14 15:07:45,516 - __main__ - INFO - Starting ratings extraction...
2024-08-14 15:08:52,660 - __main__ - INFO - Ratings extraction completed.
2024-08-14 15:08:52,661 - __main__ - INFO - Starting ratings transformation...
2024-08-14 15:10:06,604 - __main__ - INFO - Ratings transformation completed.
2024-08-14 15:10:06,605 - __main__ - INFO - Starting all movies transformation...
2024-08-14 15:11:37,911 - __main__ - INFO - All movies transformation completed.
2024-08-14 15:11:37,915 - __main__ - INFO - Starting to add Golden Globe awards...
2024-08-14 15:11:40,361 - __main__ - INFO - Golden Globe awards added.
2024-08-14 15:11:40,362 - __main__ - INFO - Starting to merge IMDb Oscar awards...
2024-08-14 15:11:45,198 - __main__ - INFO - Oscar awards merged.
2024-08-14 15:11:45,198 - __main__ - INFO - Starting genre mapping...
2024-08-14 15:27:13,079 - __main__ - INFO - Starting to download datasets...
2024-08-14 15:27:42,722 - __main__ - INFO - IMDB datasets downloaded.
2024-08-14 15:27:45,433 - __main__ - INFO - Kaggle datasets downloaded.
2024-08-14 15:27:45,433 - __main__ - INFO - Starting web scraping for combined Netflix movies...
2024-08-14 15:28:33,843 - __main__ - INFO - Web scraping completed.
2024-08-14 15:28:33,843 - __main__ - INFO - Starting ratings extraction...
2024-08-14 15:30:27,121 - __main__ - INFO - Ratings extraction completed.
2024-08-14 15:30:27,122 - __main__ - INFO - Starting ratings transformation...
2024-08-14 15:31:16,272 - __main__ - INFO - Ratings transformation completed.
2024-08-14 15:31:16,272 - __main__ - INFO - Starting all movies transformation...
2024-08-14 15:31:55,071 - __main__ - INFO - All movies transformation completed.
2024-08-14 15:31:55,072 - __main__ - INFO - Starting to add Golden Globe awards...
2024-08-14 15:31:56,042 - __main__ - INFO - Golden Globe awards added.
2024-08-14 15:31:56,043 - __main__ - INFO - Starting to merge IMDb Oscar awards...
2024-08-14 15:31:58,275 - __main__ - INFO - Oscar awards merged.
2024-08-14 15:31:58,276 - __main__ - INFO - Starting genre mapping...
2024-08-14 15:31:59,538 - __main__ - INFO - Genre mapping completed: {'Romance': 0, 'Documentary': 1, 'Action': 2, 'Drama': 3, 'Adventure': 4, '\\N': 5, 'Biography': 6, 'War': 7, 'History': 8, 'Western': 9, 'Crime': 10, 'Comedy': 11, 'Horror': 12, 'Fantasy': 13, 'Mystery': 14, 'Family': 15, 'Animation': 16, 'Music': 17, 'Sci-Fi': 18, 'Thriller': 19, 'Musical': 20, 'Film-Noir': 21, 'Sport': 22, 'Game-Show': 23, 'News': 24, 'Talk-Show': 25, 'Adult': 26, 'Reality-TV': 27, ' & Me': 28, ' the Naked Girl': 29, ' 3': 30, 'Short': 31, ' du beurre': 32, ' Erases': 33}
2024-08-14 15:31:59,540 - __main__ - INFO - Loading datasets...
2024-08-14 15:31:59,738 - __main__ - INFO - Datasets loaded.
2024-08-14 15:31:59,754 - __main__ - INFO - Performing descriptive analysis...
2024-08-14 15:33:00,808 - __main__ - INFO - Starting to download datasets...
2024-08-14 15:33:24,057 - __main__ - INFO - IMDB datasets downloaded.
2024-08-14 15:33:25,965 - __main__ - INFO - Kaggle datasets downloaded.
2024-08-14 15:33:25,965 - __main__ - INFO - Starting web scraping for combined Netflix movies...
2024-08-14 15:34:08,012 - __main__ - INFO - Web scraping completed.
2024-08-14 15:34:08,012 - __main__ - INFO - Starting ratings extraction...
2024-08-14 15:35:13,324 - __main__ - INFO - Ratings extraction completed.
2024-08-14 15:35:13,325 - __main__ - INFO - Starting ratings transformation...
2024-08-14 15:36:01,100 - __main__ - INFO - Ratings transformation completed.
2024-08-14 15:36:01,102 - __main__ - INFO - Starting all movies transformation...
2024-08-14 15:36:39,437 - __main__ - INFO - All movies transformation completed.
2024-08-14 15:36:39,438 - __main__ - INFO - Starting to add Golden Globe awards...
2024-08-14 15:36:40,371 - __main__ - INFO - Golden Globe awards added.
2024-08-14 15:36:40,372 - __main__ - INFO - Starting to merge IMDb Oscar awards...
2024-08-14 15:36:42,592 - __main__ - INFO - Oscar awards merged.
2024-08-14 15:36:42,593 - __main__ - INFO - Starting genre mapping...
2024-08-14 15:36:43,873 - __main__ - INFO - Genre mapping completed: {'Romance': 0, 'Documentary': 1, 'Action': 2, 'Drama': 3, 'Adventure': 4, '\\N': 5, 'Biography': 6, 'War': 7, 'History': 8, 'Western': 9, 'Crime': 10, 'Comedy': 11, 'Horror': 12, 'Fantasy': 13, 'Mystery': 14, 'Family': 15, 'Animation': 16, 'Music': 17, 'Sci-Fi': 18, 'Thriller': 19, 'Musical': 20, 'Film-Noir': 21, 'Sport': 22, 'Game-Show': 23, 'News': 24, 'Talk-Show': 25, 'Adult': 26, 'Reality-TV': 27, ' & Me': 28, ' the Naked Girl': 29, ' 3': 30, 'Short': 31, ' du beurre': 32, ' Erases': 33}
2024-08-14 15:36:43,874 - __main__ - INFO - Loading datasets...
2024-08-14 15:36:44,113 - __main__ - INFO - Datasets loaded.
2024-08-14 15:36:44,114 - __main__ - INFO - Performing descriptive analysis...
2024-08-14 15:36:44,610 - matplotlib.category - INFO - Using categorical units to plot a list of strings that are all parsable as floats or dates. If these strings should be plotted as numbers, cast to the appropriate data type before plotting.
2024-08-14 15:36:44,612 - matplotlib.category - INFO - Using categorical units to plot a list of strings that are all parsable as floats or dates. If these strings should be plotted as numbers, cast to the appropriate data type before plotting.
2024-08-14 15:36:44,721 - __main__ - INFO - Descriptive analysis completed.
2024-08-14 15:36:44,722 - __main__ - INFO - Preprocessing data for model...
2024-08-14 15:36:45,107 - __main__ - INFO - Model predictions completed.
2024-08-14 15:36:45,108 - __main__ - INFO - Evaluating model recommendations...
2024-08-14 15:36:45,136 - __main__ - INFO - Model evaluation completed.
2024-08-14 15:53:56,877 - __main__ - INFO - Starting to download datasets...
2024-08-14 15:54:20,604 - __main__ - INFO - IMDB datasets downloaded.
2024-08-14 15:54:22,559 - __main__ - INFO - Kaggle datasets downloaded.
2024-08-14 15:54:22,560 - __main__ - INFO - Starting web scraping for combined Netflix movies...
2024-08-14 15:55:10,485 - __main__ - INFO - Web scraping completed.
2024-08-14 15:55:10,485 - __main__ - INFO - Starting ratings extraction...
2024-08-14 15:56:17,764 - __main__ - INFO - Ratings extraction completed.
2024-08-14 15:56:17,764 - __main__ - INFO - Starting ratings transformation...
2024-08-14 15:57:07,179 - __main__ - INFO - Ratings transformation completed.
2024-08-14 15:57:07,179 - __main__ - INFO - Starting all movies transformation...
2024-08-14 15:58:37,537 - __main__ - INFO - All movies transformation completed.
2024-08-14 15:58:37,538 - __main__ - INFO - Starting to add Golden Globe awards...
2024-08-14 15:58:39,819 - __main__ - INFO - Golden Globe awards added.
2024-08-14 15:58:39,820 - __main__ - INFO - Starting to merge IMDb Oscar awards...
2024-08-14 15:58:44,522 - __main__ - INFO - Oscar awards merged.
2024-08-14 15:58:44,523 - __main__ - INFO - Starting genre mapping...
2024-08-14 15:58:48,707 - __main__ - INFO - Genre mapping completed: {'Romance': 0, 'Documentary': 1, 'Action': 2, 'Drama': 3, 'Adventure': 4, '\\N': 5, 'Biography': 6, 'War': 7, 'History': 8, 'Western': 9, 'Crime': 10, 'Comedy': 11, 'Horror': 12, 'Fantasy': 13, 'Mystery': 14, 'Family': 15, 'Animation': 16, 'Music': 17, 'Sci-Fi': 18, 'Thriller': 19, 'Musical': 20, 'Film-Noir': 21, 'Sport': 22, 'Game-Show': 23, 'News': 24, 'Talk-Show': 25, 'Adult': 26, 'Reality-TV': 27, ' & Me': 28, ' the Naked Girl': 29, ' 3': 30, 'Short': 31, ' du beurre': 32, ' Erases': 33}
2024-08-14 15:58:48,719 - __main__ - INFO - Loading datasets...
2024-08-14 15:58:49,284 - __main__ - INFO - Datasets loaded.
2024-08-14 15:58:49,284 - __main__ - INFO - Performing descriptive analysis...
2024-08-14 15:58:50,713 - matplotlib.category - INFO - Using categorical units to plot a list of strings that are all parsable as floats or dates. If these strings should be plotted as numbers, cast to the appropriate data type before plotting.
2024-08-14 15:58:50,714 - matplotlib.category - INFO - Using categorical units to plot a list of strings that are all parsable as floats or dates. If these strings should be plotted as numbers, cast to the appropriate data type before plotting.
2024-08-14 15:58:51,091 - __main__ - INFO - Descriptive analysis completed.
2024-08-14 15:58:51,092 - __main__ - INFO - Preprocessing data for model...
2024-08-14 15:58:52,075 - __main__ - INFO - Model predictions completed.
2024-08-14 15:58:52,076 - __main__ - INFO - Evaluating model recommendations...
2024-08-14 15:58:52,107 - __main__ - INFO - Model evaluation completed.
2024-08-15 13:53:50,642 - __main__ - INFO - Starting to download datasets...
2024-08-15 13:54:30,602 - __main__ - INFO - IMDB datasets downloaded.
2024-08-15 13:54:33,231 - __main__ - INFO - Kaggle datasets downloaded.
2024-08-15 13:54:33,232 - __main__ - INFO - Starting web scraping for combined Netflix movies...
2024-08-15 13:55:43,819 - __main__ - INFO - Web scraping completed.
2024-08-15 13:55:43,820 - __main__ - INFO - Starting ratings extraction...
2024-08-15 13:57:21,179 - __main__ - INFO - Ratings extraction completed.
2024-08-15 13:57:21,180 - __main__ - INFO - Starting ratings transformation...
2024-08-15 13:58:33,047 - __main__ - INFO - Ratings transformation completed.
2024-08-15 13:58:33,048 - __main__ - INFO - Starting all movies transformation...
2024-08-15 13:59:30,544 - __main__ - INFO - All movies transformation completed.
2024-08-15 13:59:30,544 - __main__ - INFO - Starting to add Golden Globe awards...
2024-08-15 13:59:31,763 - __main__ - INFO - Golden Globe awards added.
2024-08-15 13:59:31,763 - __main__ - INFO - Starting to merge IMDb Oscar awards...
2024-08-15 13:59:35,105 - __main__ - INFO - Oscar awards merged.
2024-08-15 13:59:35,105 - __main__ - INFO - Starting genre mapping...
2024-08-15 13:59:37,149 - __main__ - INFO - Genre mapping completed: {'Romance': 0, 'Documentary': 1, 'Action': 2, 'Drama': 3, 'Adventure': 4, '\\N': 5, 'Biography': 6, 'War': 7, 'History': 8, 'Western': 9, 'Crime': 10, 'Comedy': 11, 'Horror': 12, 'Fantasy': 13, 'Mystery': 14, 'Family': 15, 'Animation': 16, 'Music': 17, 'Sci-Fi': 18, 'Thriller': 19, 'Musical': 20, 'Film-Noir': 21, 'Sport': 22, 'Game-Show': 23, 'News': 24, 'Talk-Show': 25, 'Adult': 26, 'Reality-TV': 27, ' & Me': 28, ' the Naked Girl': 29, ' 3': 30, 'Short': 31, ' du beurre': 32, ' Erases': 33}
2024-08-15 13:59:37,150 - __main__ - INFO - Loading datasets...
2024-08-15 13:59:37,517 - __main__ - INFO - Datasets loaded.
2024-08-15 13:59:37,518 - __main__ - INFO - Performing descriptive analysis...
2024-08-15 13:59:38,886 - matplotlib.category - INFO - Using categorical units to plot a list of strings that are all parsable as floats or dates. If these strings should be plotted as numbers, cast to the appropriate data type before plotting.
2024-08-15 13:59:38,887 - matplotlib.category - INFO - Using categorical units to plot a list of strings that are all parsable as floats or dates. If these strings should be plotted as numbers, cast to the appropriate data type before plotting.
2024-08-15 13:59:39,055 - __main__ - INFO - Descriptive analysis completed.
2024-08-15 13:59:39,055 - __main__ - INFO - Preprocessing data for model...
2024-08-15 13:59:39,550 - __main__ - INFO - Model predictions completed.
2024-08-15 13:59:39,551 - __main__ - INFO - Evaluating model recommendations...
2024-08-15 13:59:39,589 - __main__ - INFO - Model evaluation completed.
2024-08-15 14:13:54,656 - __main__ - INFO - Starting to download datasets...
2024-08-15 14:14:21,935 - __main__ - INFO - IMDB datasets downloaded.
2024-08-15 14:14:24,328 - __main__ - INFO - Kaggle datasets downloaded.
2024-08-15 14:14:24,329 - __main__ - INFO - Starting web scraping for combined Netflix movies...
2024-08-15 14:15:11,061 - __main__ - INFO - Web scraping completed.
2024-08-15 14:15:11,062 - __main__ - INFO - Starting ratings extraction...
2024-08-15 14:16:53,446 - __main__ - INFO - Ratings extraction completed.
2024-08-15 14:16:53,446 - __main__ - INFO - Starting ratings transformation...
2024-08-15 14:18:28,179 - __main__ - INFO - Ratings transformation completed.
2024-08-15 14:18:28,180 - __main__ - INFO - Starting all movies transformation...
2024-08-15 14:19:25,336 - __main__ - INFO - All movies transformation completed.
2024-08-15 14:19:25,336 - __main__ - INFO - Starting to add Golden Globe awards...
2024-08-15 14:19:26,662 - __main__ - INFO - Golden Globe awards added.
2024-08-15 14:19:26,663 - __main__ - INFO - Starting to merge IMDb Oscar awards...
2024-08-15 14:19:29,874 - __main__ - INFO - Oscar awards merged.
2024-08-15 14:19:29,874 - __main__ - INFO - Starting genre mapping...
2024-08-15 14:19:31,854 - __main__ - INFO - Genre mapping completed: {'Romance': 0, 'Documentary': 1, 'Action': 2, 'Drama': 3, 'Adventure': 4, '\\N': 5, 'Biography': 6, 'War': 7, 'History': 8, 'Western': 9, 'Crime': 10, 'Comedy': 11, 'Horror': 12, 'Fantasy': 13, 'Mystery': 14, 'Family': 15, 'Animation': 16, 'Music': 17, 'Sci-Fi': 18, 'Thriller': 19, 'Musical': 20, 'Film-Noir': 21, 'Sport': 22, 'Game-Show': 23, 'News': 24, 'Talk-Show': 25, 'Adult': 26, 'Reality-TV': 27, ' & Me': 28, ' the Naked Girl': 29, ' 3': 30, 'Short': 31, ' du beurre': 32, ' Erases': 33}
2024-08-15 14:19:31,855 - __main__ - INFO - Loading datasets...
2024-08-15 14:19:32,179 - __main__ - INFO - Datasets loaded.
2024-08-15 14:19:32,180 - __main__ - INFO - Performing descriptive analysis...
2024-08-15 14:19:32,860 - matplotlib.category - INFO - Using categorical units to plot a list of strings that are all parsable as floats or dates. If these strings should be plotted as numbers, cast to the appropriate data type before plotting.
2024-08-15 14:19:32,862 - matplotlib.category - INFO - Using categorical units to plot a list of strings that are all parsable as floats or dates. If these strings should be plotted as numbers, cast to the appropriate data type before plotting.
2024-08-15 14:19:33,020 - __main__ - INFO - Descriptive analysis completed.
2024-08-15 14:19:33,020 - __main__ - INFO - Preprocessing data for model...
2024-08-15 14:19:33,615 - __main__ - INFO - Model predictions completed.
2024-08-15 14:19:33,615 - __main__ - INFO - Evaluating model recommendations...
2024-08-15 14:19:33,645 - __main__ - INFO - Model evaluation completed.
2024-08-15 14:19:33,646 - __main__ - INFO - Turning genres into strings...
2024-08-15 14:26:06,239 - __main__ - INFO - Starting to download datasets...
2024-08-15 14:26:32,452 - __main__ - INFO - IMDB datasets downloaded.
2024-08-15 14:26:35,039 - __main__ - INFO - Kaggle datasets downloaded.
2024-08-15 14:26:35,039 - __main__ - INFO - Starting web scraping for combined Netflix movies...
2024-08-15 14:27:22,118 - __main__ - INFO - Web scraping completed.
2024-08-15 14:27:22,118 - __main__ - INFO - Starting ratings extraction...
2024-08-15 14:28:59,806 - __main__ - INFO - Ratings extraction completed.
2024-08-15 14:28:59,807 - __main__ - INFO - Starting ratings transformation...
2024-08-15 14:30:11,891 - __main__ - INFO - Ratings transformation completed.
2024-08-15 14:30:11,892 - __main__ - INFO - Starting all movies transformation...
2024-08-15 14:31:52,305 - __main__ - INFO - All movies transformation completed.
2024-08-15 14:31:52,306 - __main__ - INFO - Starting to add Golden Globe awards...
2024-08-15 14:31:55,630 - __main__ - INFO - Golden Globe awards added.
2024-08-15 14:31:55,631 - __main__ - INFO - Starting to merge IMDb Oscar awards...
2024-08-15 14:32:03,501 - __main__ - INFO - Oscar awards merged.
2024-08-15 14:32:03,502 - __main__ - INFO - Starting genre mapping...
2024-08-15 14:32:08,237 - __main__ - INFO - Genre mapping completed: {'Romance': 0, 'Documentary': 1, 'Action': 2, 'Drama': 3, 'Adventure': 4, '\\N': 5, 'Biography': 6, 'War': 7, 'History': 8, 'Western': 9, 'Crime': 10, 'Comedy': 11, 'Horror': 12, 'Fantasy': 13, 'Mystery': 14, 'Family': 15, 'Animation': 16, 'Music': 17, 'Sci-Fi': 18, 'Thriller': 19, 'Musical': 20, 'Film-Noir': 21, 'Sport': 22, 'Game-Show': 23, 'News': 24, 'Talk-Show': 25, 'Adult': 26, 'Reality-TV': 27, ' & Me': 28, ' the Naked Girl': 29, ' 3': 30, 'Short': 31, ' du beurre': 32, ' Erases': 33}
2024-08-15 14:32:08,239 - __main__ - INFO - Loading datasets...
2024-08-15 14:32:09,099 - __main__ - INFO - Datasets loaded.
2024-08-15 14:32:09,100 - __main__ - INFO - Performing descriptive analysis...
2024-08-15 14:32:10,632 - matplotlib.category - INFO - Using categorical units to plot a list of strings that are all parsable as floats or dates. If these strings should be plotted as numbers, cast to the appropriate data type before plotting.
2024-08-15 14:32:10,636 - matplotlib.category - INFO - Using categorical units to plot a list of strings that are all parsable as floats or dates. If these strings should be plotted as numbers, cast to the appropriate data type before plotting.
2024-08-15 14:32:11,097 - __main__ - INFO - Descriptive analysis completed.
2024-08-15 14:32:11,098 - __main__ - INFO - Preprocessing data for model...
2024-08-15 14:32:12,517 - __main__ - INFO - Model predictions completed.
2024-08-15 14:32:12,518 - __main__ - INFO - Evaluating model recommendations...
2024-08-15 14:32:12,568 - __main__ - INFO - Model evaluation completed.
2024-08-15 14:32:12,568 - __main__ - INFO - Turning genres into strings...
2024-08-15 14:32:15,533 - __main__ - INFO - Reverting genres
2024-08-15 16:06:44,296 - __main__ - INFO - Starting to download datasets...
2024-08-15 16:07:07,004 - __main__ - INFO - IMDB datasets downloaded.
2024-08-15 16:07:08,949 - __main__ - INFO - Kaggle datasets downloaded.
2024-08-15 16:07:08,950 - __main__ - INFO - Starting web scraping for combined Netflix movies...
2024-08-15 16:08:09,752 - __main__ - INFO - Web scraping completed.
2024-08-15 16:08:09,753 - __main__ - INFO - Starting ratings extraction...
2024-08-15 16:09:14,628 - __main__ - INFO - Ratings extraction completed.
2024-08-15 16:09:14,629 - __main__ - INFO - Starting ratings transformation...
2024-08-15 16:10:03,341 - __main__ - INFO - Ratings transformation completed.
2024-08-15 16:10:03,342 - __main__ - INFO - Starting all movies transformation...
2024-08-15 16:10:41,862 - __main__ - INFO - All movies transformation completed.
2024-08-15 16:10:41,862 - __main__ - INFO - Starting to add Golden Globe awards...
2024-08-15 16:10:42,828 - __main__ - INFO - Golden Globe awards added.
2024-08-15 16:10:42,829 - __main__ - INFO - Starting to merge IMDb Oscar awards...
2024-08-15 16:10:45,102 - __main__ - INFO - Oscar awards merged.
2024-08-15 16:10:45,103 - __main__ - INFO - Starting genre mapping...
2024-08-15 16:10:46,438 - __main__ - INFO - Genre mapping completed: {'Romance': 0, 'Documentary': 1, 'Action': 2, 'Drama': 3, 'Adventure': 4, '\\N': 5, 'Biography': 6, 'War': 7, 'History': 8, 'Western': 9, 'Crime': 10, 'Comedy': 11, 'Horror': 12, 'Fantasy': 13, 'Mystery': 14, 'Family': 15, 'Animation': 16, 'Music': 17, 'Sci-Fi': 18, 'Thriller': 19, 'Musical': 20, 'Film-Noir': 21, 'Sport': 22, 'Game-Show': 23, 'News': 24, 'Talk-Show': 25, 'Adult': 26, 'Reality-TV': 27, ' & Me': 28, ' the Naked Girl': 29, ' 3': 30, 'Short': 31, ' du beurre': 32, ' Erases': 33}
2024-08-15 16:10:46,446 - __main__ - INFO - Loading datasets...
2024-08-15 16:10:46,649 - __main__ - INFO - Datasets loaded.
2024-08-15 16:10:46,649 - __main__ - INFO - Performing descriptive analysis...
2024-08-15 16:10:47,094 - matplotlib.category - INFO - Using categorical units to plot a list of strings that are all parsable as floats or dates. If these strings should be plotted as numbers, cast to the appropriate data type before plotting.
2024-08-15 16:10:47,095 - matplotlib.category - INFO - Using categorical units to plot a list of strings that are all parsable as floats or dates. If these strings should be plotted as numbers, cast to the appropriate data type before plotting.
2024-08-15 16:10:47,200 - __main__ - INFO - Descriptive analysis completed.
2024-08-15 16:10:47,201 - __main__ - INFO - Preprocessing data for model...
2024-08-15 16:10:47,581 - __main__ - INFO - Model predictions completed.
2024-08-15 16:10:47,581 - __main__ - INFO - Evaluating model recommendations...
2024-08-15 16:10:47,593 - __main__ - INFO - Model evaluation completed.
2024-08-15 16:10:47,593 - __main__ - INFO - Turning genres into strings...
2024-08-15 16:10:48,369 - __main__ - INFO - Reverting genres
2024-08-15 16:10:48,369 - __main__ - INFO - Recommendation genre creation...
2024-08-15 16:18:13,402 - __main__ - INFO - Starting to download datasets...
2024-08-15 16:18:35,851 - __main__ - INFO - IMDB datasets downloaded.
2024-08-15 16:18:37,670 - __main__ - INFO - Kaggle datasets downloaded.
2024-08-15 16:18:37,670 - __main__ - INFO - Starting web scraping for combined Netflix movies...
2024-08-15 16:19:15,487 - __main__ - INFO - Web scraping completed.
2024-08-15 16:19:15,488 - __main__ - INFO - Starting ratings extraction...
2024-08-15 16:20:41,959 - __main__ - INFO - Ratings extraction completed.
2024-08-15 16:20:41,959 - __main__ - INFO - Starting ratings transformation...
2024-08-15 16:22:41,568 - __main__ - INFO - Ratings transformation completed.
2024-08-15 16:22:41,569 - __main__ - INFO - Starting all movies transformation...
2024-08-15 16:24:09,898 - __main__ - INFO - All movies transformation completed.
2024-08-15 16:24:09,899 - __main__ - INFO - Starting to add Golden Globe awards...
2024-08-15 16:24:11,951 - __main__ - INFO - Golden Globe awards added.
2024-08-15 16:24:11,951 - __main__ - INFO - Starting to merge IMDb Oscar awards...
2024-08-15 16:24:16,939 - __main__ - INFO - Oscar awards merged.
2024-08-15 16:24:16,940 - __main__ - INFO - Starting genre mapping...
2024-08-15 16:24:19,959 - __main__ - INFO - Genre mapping completed: {'Romance': 0, 'Documentary': 1, 'Action': 2, 'Drama': 3, 'Adventure': 4, '\\N': 5, 'Biography': 6, 'War': 7, 'History': 8, 'Western': 9, 'Crime': 10, 'Comedy': 11, 'Horror': 12, 'Fantasy': 13, 'Mystery': 14, 'Family': 15, 'Animation': 16, 'Music': 17, 'Sci-Fi': 18, 'Thriller': 19, 'Musical': 20, 'Film-Noir': 21, 'Sport': 22, 'Game-Show': 23, 'News': 24, 'Talk-Show': 25, 'Adult': 26, 'Reality-TV': 27, ' & Me': 28, ' the Naked Girl': 29, ' 3': 30, 'Short': 31, ' du beurre': 32, ' Erases': 33}
2024-08-15 16:24:19,960 - __main__ - INFO - Loading datasets...
2024-08-15 16:24:20,457 - __main__ - INFO - Datasets loaded.
2024-08-15 16:24:20,457 - __main__ - INFO - Performing descriptive analysis...
2024-08-15 16:24:21,607 - matplotlib.category - INFO - Using categorical units to plot a list of strings that are all parsable as floats or dates. If these strings should be plotted as numbers, cast to the appropriate data type before plotting.
2024-08-15 16:24:21,610 - matplotlib.category - INFO - Using categorical units to plot a list of strings that are all parsable as floats or dates. If these strings should be plotted as numbers, cast to the appropriate data type before plotting.
2024-08-15 16:24:21,908 - __main__ - INFO - Descriptive analysis completed.
2024-08-15 16:24:21,909 - __main__ - INFO - Preprocessing data for model...
2024-08-15 16:24:22,747 - __main__ - INFO - Model predictions completed.
2024-08-15 16:24:22,747 - __main__ - INFO - Evaluating model recommendations...
2024-08-15 16:24:22,768 - __main__ - INFO - Model evaluation completed.
2024-08-15 16:24:22,769 - __main__ - INFO - Turning genres into strings...
2024-08-15 16:37:34,420 - __main__ - INFO - Starting to download datasets...
2024-08-15 16:40:13,462 - __main__ - INFO - Starting to download datasets...
2024-08-15 16:40:42,069 - __main__ - INFO - IMDB datasets downloaded.
2024-08-15 16:40:45,137 - __main__ - INFO - Kaggle datasets downloaded.
2024-08-15 16:40:45,137 - __main__ - INFO - Starting web scraping for combined Netflix movies...
2024-08-15 16:41:37,484 - __main__ - INFO - Web scraping completed.
2024-08-15 16:41:37,484 - __main__ - INFO - Starting ratings extraction...
2024-08-15 16:43:55,037 - __main__ - INFO - Ratings extraction completed.
2024-08-15 16:43:55,037 - __main__ - INFO - Starting ratings transformation...
2024-08-15 16:44:48,476 - __main__ - INFO - Ratings transformation completed.
2024-08-15 16:44:48,476 - __main__ - INFO - Starting all movies transformation...
2024-08-15 16:45:30,810 - __main__ - INFO - All movies transformation completed.
2024-08-15 16:45:30,811 - __main__ - INFO - Starting to add Golden Globe awards...
2024-08-15 16:45:31,772 - __main__ - INFO - Golden Globe awards added.
2024-08-15 16:45:31,773 - __main__ - INFO - Starting to merge IMDb Oscar awards...
2024-08-15 16:45:34,773 - __main__ - INFO - Oscar awards merged.
2024-08-15 16:45:34,774 - __main__ - INFO - Starting genre mapping...
2024-08-15 16:45:36,289 - __main__ - INFO - Genre mapping completed: {'Romance': 0, 'Documentary': 1, 'Action': 2, 'Drama': 3, 'Adventure': 4, '\\N': 5, 'Biography': 6, 'War': 7, 'History': 8, 'Western': 9, 'Crime': 10, 'Comedy': 11, 'Horror': 12, 'Fantasy': 13, 'Mystery': 14, 'Family': 15, 'Animation': 16, 'Music': 17, 'Sci-Fi': 18, 'Thriller': 19, 'Musical': 20, 'Film-Noir': 21, 'Sport': 22, 'Game-Show': 23, 'News': 24, 'Talk-Show': 25, 'Adult': 26, 'Reality-TV': 27, ' & Me': 28, ' the Naked Girl': 29, ' 3': 30, 'Short': 31, ' du beurre': 32, ' Erases': 33}
2024-08-15 16:45:36,290 - __main__ - INFO - Loading datasets...
2024-08-15 16:45:36,549 - __main__ - INFO - Datasets loaded.
2024-08-15 16:45:36,549 - __main__ - INFO - Performing descriptive analysis...
2024-08-15 16:45:37,138 - matplotlib.category - INFO - Using categorical units to plot a list of strings that are all parsable as floats or dates. If these strings should be plotted as numbers, cast to the appropriate data type before plotting.
2024-08-15 16:45:37,139 - matplotlib.category - INFO - Using categorical units to plot a list of strings that are all parsable as floats or dates. If these strings should be plotted as numbers, cast to the appropriate data type before plotting.
2024-08-15 16:45:37,256 - __main__ - INFO - Descriptive analysis completed.
2024-08-15 16:45:37,256 - __main__ - INFO - Preprocessing data for model...
2024-08-15 16:45:37,765 - __main__ - INFO - Model predictions completed.
2024-08-15 16:45:37,765 - __main__ - INFO - Evaluating model recommendations...
2024-08-15 16:45:37,784 - __main__ - INFO - Model evaluation completed.
2024-08-15 16:45:37,784 - __main__ - INFO - Turning genres into strings...
2024-08-15 16:48:21,509 - __main__ - INFO - Starting to download datasets...
2024-08-15 16:48:51,438 - __main__ - INFO - IMDB datasets downloaded.
2024-08-15 16:48:54,703 - __main__ - INFO - Kaggle datasets downloaded.
2024-08-15 16:48:54,704 - __main__ - INFO - Starting web scraping for combined Netflix movies...
2024-08-15 16:49:47,496 - __main__ - INFO - Web scraping completed.
2024-08-15 16:49:47,496 - __main__ - INFO - Starting ratings extraction...
2024-08-15 16:52:01,340 - __main__ - INFO - Ratings extraction completed.
2024-08-15 16:52:01,341 - __main__ - INFO - Starting ratings transformation...
2024-08-15 16:53:50,900 - __main__ - INFO - Ratings transformation completed.
2024-08-15 16:53:50,901 - __main__ - INFO - Starting all movies transformation...
2024-08-15 16:54:32,534 - __main__ - INFO - All movies transformation completed.
2024-08-15 16:54:32,534 - __main__ - INFO - Starting to add Golden Globe awards...
2024-08-15 16:54:33,448 - __main__ - INFO - Golden Globe awards added.
2024-08-15 16:54:33,448 - __main__ - INFO - Starting to merge IMDb Oscar awards...
2024-08-15 16:54:35,663 - __main__ - INFO - Oscar awards merged.
2024-08-15 16:54:35,678 - __main__ - INFO - Starting genre mapping...
2024-08-15 16:54:37,036 - __main__ - INFO - Genre mapping completed: {'Romance': 0, 'Documentary': 1, 'Action': 2, 'Drama': 3, 'Adventure': 4, '\\N': 5, 'Biography': 6, 'War': 7, 'History': 8, 'Western': 9, 'Crime': 10, 'Comedy': 11, 'Horror': 12, 'Fantasy': 13, 'Mystery': 14, 'Family': 15, 'Animation': 16, 'Music': 17, 'Sci-Fi': 18, 'Thriller': 19, 'Musical': 20, 'Film-Noir': 21, 'Sport': 22, 'Game-Show': 23, 'News': 24, 'Talk-Show': 25, 'Adult': 26, 'Reality-TV': 27, ' & Me': 28, ' the Naked Girl': 29, ' 3': 30, 'Short': 31, ' du beurre': 32, ' Erases': 33}
2024-08-15 16:54:37,037 - __main__ - INFO - Loading datasets...
2024-08-15 16:54:37,289 - __main__ - INFO - Datasets loaded.
2024-08-15 16:54:37,290 - __main__ - INFO - Performing descriptive analysis...
2024-08-15 16:54:37,811 - matplotlib.category - INFO - Using categorical units to plot a list of strings that are all parsable as floats or dates. If these strings should be plotted as numbers, cast to the appropriate data type before plotting.
2024-08-15 16:54:37,811 - matplotlib.category - INFO - Using categorical units to plot a list of strings that are all parsable as floats or dates. If these strings should be plotted as numbers, cast to the appropriate data type before plotting.
2024-08-15 16:54:37,905 - __main__ - INFO - Descriptive analysis completed.
2024-08-15 16:54:37,906 - __main__ - INFO - Preprocessing data for model...
2024-08-15 16:54:38,331 - __main__ - INFO - Model predictions completed.
2024-08-15 16:54:38,331 - __main__ - INFO - Evaluating model recommendations...
2024-08-15 16:54:38,352 - __main__ - INFO - Model evaluation completed.
2024-08-15 16:54:38,352 - __main__ - INFO - Turning genres into strings...
2024-08-15 17:01:03,141 - __main__ - INFO - Starting to download datasets...
2024-08-15 17:01:45,123 - __main__ - INFO - IMDB datasets downloaded.
2024-08-15 17:01:48,367 - __main__ - INFO - Kaggle datasets downloaded.
2024-08-15 17:01:48,368 - __main__ - INFO - Starting web scraping for combined Netflix movies...
2024-08-15 17:02:40,557 - __main__ - INFO - Web scraping completed.
2024-08-15 17:02:40,558 - __main__ - INFO - Starting ratings extraction...
2024-08-15 17:05:24,819 - __main__ - INFO - Ratings extraction completed.
2024-08-15 17:05:24,820 - __main__ - INFO - Starting ratings transformation...
2024-08-15 17:06:30,225 - __main__ - INFO - Ratings transformation completed.
2024-08-15 17:06:30,226 - __main__ - INFO - Starting all movies transformation...
2024-08-15 17:07:09,360 - __main__ - INFO - All movies transformation completed.
2024-08-15 17:07:09,360 - __main__ - INFO - Starting to add Golden Globe awards...
2024-08-15 17:07:10,296 - __main__ - INFO - Golden Globe awards added.
2024-08-15 17:07:10,296 - __main__ - INFO - Starting to merge IMDb Oscar awards...
2024-08-15 17:07:12,478 - __main__ - INFO - Oscar awards merged.
2024-08-15 17:07:12,478 - __main__ - INFO - Starting genre mapping...
2024-08-15 17:07:13,763 - __main__ - INFO - Genre mapping completed: {'Romance': 0, 'Documentary': 1, 'Action': 2, 'Drama': 3, 'Adventure': 4, '\\N': 5, 'Biography': 6, 'War': 7, 'History': 8, 'Western': 9, 'Crime': 10, 'Comedy': 11, 'Horror': 12, 'Fantasy': 13, 'Mystery': 14, 'Family': 15, 'Animation': 16, 'Music': 17, 'Sci-Fi': 18, 'Thriller': 19, 'Musical': 20, 'Film-Noir': 21, 'Sport': 22, 'Game-Show': 23, 'News': 24, 'Talk-Show': 25, 'Adult': 26, 'Reality-TV': 27, ' & Me': 28, ' the Naked Girl': 29, ' 3': 30, 'Short': 31, ' du beurre': 32, ' Erases': 33}
2024-08-15 17:07:13,764 - __main__ - INFO - Loading datasets...
2024-08-15 17:07:13,981 - __main__ - INFO - Datasets loaded.
2024-08-15 17:07:13,982 - __main__ - INFO - Performing descriptive analysis...
2024-08-15 17:07:14,559 - __main__ - INFO - Descriptive analysis completed.
2024-08-15 17:07:14,560 - __main__ - INFO - Preprocessing data for model...
2024-08-15 17:07:14,935 - __main__ - INFO - Model predictions completed.
2024-08-15 17:07:14,935 - __main__ - INFO - Evaluating model recommendations...
2024-08-15 17:07:14,946 - __main__ - INFO - Model evaluation completed.
2024-08-15 17:07:14,946 - __main__ - INFO - Turning genres into strings...
2024-08-15 17:09:49,253 - __main__ - INFO - Starting to download datasets...
2024-08-15 17:10:13,046 - __main__ - INFO - IMDB datasets downloaded.
2024-08-15 17:10:14,900 - __main__ - INFO - Kaggle datasets downloaded.
2024-08-15 17:10:14,900 - __main__ - INFO - Starting web scraping for combined Netflix movies...
2024-08-15 17:10:52,104 - __main__ - INFO - Web scraping completed.
2024-08-15 17:10:52,104 - __main__ - INFO - Starting ratings extraction...
2024-08-15 17:11:56,074 - __main__ - INFO - Ratings extraction completed.
2024-08-15 17:11:56,075 - __main__ - INFO - Starting ratings transformation...
2024-08-15 17:12:42,312 - __main__ - INFO - Ratings transformation completed.
2024-08-15 17:12:42,313 - __main__ - INFO - Starting all movies transformation...
2024-08-15 17:13:20,557 - __main__ - INFO - All movies transformation completed.
2024-08-15 17:13:20,558 - __main__ - INFO - Starting to add Golden Globe awards...
2024-08-15 17:13:21,541 - __main__ - INFO - Golden Globe awards added.
2024-08-15 17:13:21,542 - __main__ - INFO - Starting to merge IMDb Oscar awards...
2024-08-15 17:13:23,677 - __main__ - INFO - Oscar awards merged.
2024-08-15 17:13:23,677 - __main__ - INFO - Starting genre mapping...
2024-08-15 17:13:24,903 - __main__ - INFO - Genre mapping completed: {'Romance': 0, 'Documentary': 1, 'Action': 2, 'Drama': 3, 'Adventure': 4, '\\N': 5, 'Biography': 6, 'War': 7, 'History': 8, 'Western': 9, 'Crime': 10, 'Comedy': 11, 'Horror': 12, 'Fantasy': 13, 'Mystery': 14, 'Family': 15, 'Animation': 16, 'Music': 17, 'Sci-Fi': 18, 'Thriller': 19, 'Musical': 20, 'Film-Noir': 21, 'Sport': 22, 'Game-Show': 23, 'News': 24, 'Talk-Show': 25, 'Adult': 26, 'Reality-TV': 27, ' & Me': 28, ' the Naked Girl': 29, ' 3': 30, 'Short': 31, ' du beurre': 32, ' Erases': 33}
2024-08-15 17:13:24,904 - __main__ - INFO - Loading datasets...
2024-08-15 17:13:25,127 - __main__ - INFO - Datasets loaded.
2024-08-15 17:13:25,127 - __main__ - INFO - Performing descriptive analysis...
2024-08-15 17:13:25,614 - __main__ - INFO - Descriptive analysis completed.
2024-08-15 17:13:25,614 - __main__ - INFO - Preprocessing data for model...
2024-08-15 17:13:25,966 - __main__ - INFO - Model predictions completed.
2024-08-15 17:13:25,966 - __main__ - INFO - Evaluating model recommendations...
2024-08-15 17:13:25,978 - __main__ - INFO - Model evaluation completed.
2024-08-15 17:13:25,978 - __main__ - INFO - Turning genres into strings...
2024-08-15 17:13:25,994 - __main__ - INFO - Reverting genres
2024-08-15 17:13:25,994 - __main__ - INFO - Recommendation genre creation...
2024-08-15 19:02:57,809 - __main__ - INFO - Starting to download datasets...
2024-08-15 19:03:25,623 - __main__ - INFO - IMDB datasets downloaded.
2024-08-15 19:03:28,824 - __main__ - INFO - Kaggle datasets downloaded.
2024-08-15 19:03:28,826 - __main__ - INFO - Starting web scraping for combined Netflix movies...
2024-08-15 19:04:32,005 - __main__ - INFO - Web scraping completed.
2024-08-15 19:04:32,006 - __main__ - INFO - Starting ratings extraction...
2024-08-15 19:07:14,478 - __main__ - INFO - Ratings extraction completed.
2024-08-15 19:07:14,478 - __main__ - INFO - Starting ratings transformation...
2024-08-15 19:09:14,342 - __main__ - INFO - Ratings transformation completed.
2024-08-15 19:09:14,343 - __main__ - INFO - Starting all movies transformation...
2024-08-15 19:10:42,808 - __main__ - INFO - All movies transformation completed.
2024-08-15 19:10:42,809 - __main__ - INFO - Starting to add Golden Globe awards...
2024-08-15 19:10:44,919 - __main__ - INFO - Golden Globe awards added.
2024-08-15 19:10:44,919 - __main__ - INFO - Starting to merge IMDb Oscar awards...
2024-08-15 19:10:49,928 - __main__ - INFO - Oscar awards merged.
2024-08-15 19:10:49,929 - __main__ - INFO - Starting genre mapping...
2024-08-15 19:10:53,390 - __main__ - INFO - Genre mapping completed: {'Romance': 0, 'Documentary': 1, 'Action': 2, 'Drama': 3, 'Adventure': 4, '\\N': 5, 'Biography': 6, 'War': 7, 'History': 8, 'Western': 9, 'Crime': 10, 'Comedy': 11, 'Horror': 12, 'Fantasy': 13, 'Mystery': 14, 'Family': 15, 'Animation': 16, 'Music': 17, 'Sci-Fi': 18, 'Thriller': 19, 'Musical': 20, 'Film-Noir': 21, 'Sport': 22, 'Game-Show': 23, 'News': 24, 'Talk-Show': 25, 'Adult': 26, 'Reality-TV': 27, ' & Me': 28, ' the Naked Girl': 29, ' 3': 30, 'Short': 31, ' du beurre': 32, ' Erases': 33}
2024-08-15 19:10:53,402 - __main__ - INFO - Loading datasets...
2024-08-15 19:10:53,895 - __main__ - INFO - Datasets loaded.
2024-08-15 19:10:53,896 - __main__ - INFO - Performing descriptive analysis...
2024-08-15 19:10:55,349 - __main__ - INFO - Descriptive analysis completed.
2024-08-15 19:10:55,349 - __main__ - INFO - Preprocessing data for model...
2024-08-15 19:10:56,259 - __main__ - INFO - Model predictions completed.
2024-08-15 19:10:56,260 - __main__ - INFO - Evaluating model recommendations...
2024-08-15 19:10:56,291 - __main__ - INFO - Model evaluation completed.
2024-08-15 19:10:56,292 - __main__ - INFO - Turning genres into strings...
2024-08-15 19:10:56,351 - __main__ - INFO - Reverting genres
2024-08-15 19:10:56,352 - __main__ - INFO - Recommendation genre creation...
2024-08-15 19:44:08,704 - __main__ - INFO - Starting to download datasets...
2024-08-15 19:44:31,741 - __main__ - INFO - IMDB datasets downloaded.
2024-08-15 19:44:33,618 - __main__ - INFO - Kaggle datasets downloaded.
2024-08-15 19:44:33,619 - __main__ - INFO - Starting web scraping for combined Netflix movies...
2024-08-15 19:45:13,077 - __main__ - INFO - Web scraping completed.
2024-08-15 19:45:13,077 - __main__ - INFO - Starting ratings extraction...
2024-08-15 19:47:46,599 - __main__ - INFO - Ratings extraction completed.
2024-08-15 19:47:46,599 - __main__ - INFO - Starting ratings transformation...
2024-08-15 19:48:36,246 - __main__ - INFO - Ratings transformation completed.
2024-08-15 19:48:36,247 - __main__ - INFO - Starting all movies transformation...
2024-08-15 19:49:13,126 - __main__ - INFO - All movies transformation completed.
2024-08-15 19:49:13,127 - __main__ - INFO - Starting to add Golden Globe awards...
2024-08-15 19:49:14,038 - __main__ - INFO - Golden Globe awards added.
2024-08-15 19:49:14,038 - __main__ - INFO - Starting to merge IMDb Oscar awards...
2024-08-15 19:49:16,230 - __main__ - INFO - Oscar awards merged.
2024-08-15 19:49:16,230 - __main__ - INFO - Starting genre mapping...
2024-08-15 19:49:17,479 - __main__ - INFO - Genre mapping completed: {'Romance': 0, 'Documentary': 1, 'Action': 2, 'Drama': 3, 'Adventure': 4, '\\N': 5, 'Biography': 6, 'War': 7, 'History': 8, 'Western': 9, 'Crime': 10, 'Comedy': 11, 'Horror': 12, 'Fantasy': 13, 'Mystery': 14, 'Family': 15, 'Animation': 16, 'Music': 17, 'Sci-Fi': 18, 'Thriller': 19, 'Musical': 20, 'Film-Noir': 21, 'Sport': 22, 'Game-Show': 23, 'News': 24, 'Talk-Show': 25, 'Adult': 26, 'Reality-TV': 27, ' & Me': 28, ' the Naked Girl': 29, ' 3': 30, 'Short': 31, ' du beurre': 32, ' Erases': 33}
2024-08-15 19:49:17,480 - __main__ - INFO - Loading datasets...
2024-08-15 19:49:17,706 - __main__ - INFO - Datasets loaded.
2024-08-15 19:49:17,706 - __main__ - INFO - Performing descriptive analysis...
2024-08-15 19:49:18,211 - __main__ - INFO - Descriptive analysis completed.
2024-08-15 19:49:18,211 - __main__ - INFO - Preprocessing data for model...
2024-08-15 19:49:18,557 - __main__ - INFO - Model predictions completed.
2024-08-15 19:49:18,558 - __main__ - INFO - Evaluating model recommendations...
2024-08-15 19:49:18,567 - __main__ - INFO - Model evaluation completed.
2024-08-15 19:49:18,567 - __main__ - INFO - Turning genres into strings...
2024-08-15 19:49:18,583 - __main__ - INFO - Reverting genres
2024-08-15 19:49:18,583 - __main__ - INFO - Recommendation genre creation...
2024-08-15 19:56:31,892 - __main__ - INFO - Starting to download datasets...
2024-08-15 19:56:54,455 - __main__ - INFO - IMDB datasets downloaded.
2024-08-15 19:56:56,367 - __main__ - INFO - Kaggle datasets downloaded.
2024-08-15 19:56:56,367 - __main__ - INFO - Starting web scraping for combined Netflix movies...
2024-08-15 19:57:48,044 - __main__ - INFO - Web scraping completed.
2024-08-15 19:57:48,044 - __main__ - INFO - Starting ratings extraction...
2024-08-15 19:59:55,387 - __main__ - INFO - Ratings extraction completed.
2024-08-15 19:59:55,388 - __main__ - INFO - Starting ratings transformation...
2024-08-15 20:01:48,640 - __main__ - INFO - Starting to download datasets...
2024-08-15 20:02:18,962 - __main__ - INFO - IMDB datasets downloaded.
2024-08-15 20:02:22,068 - __main__ - INFO - Kaggle datasets downloaded.
2024-08-15 20:02:22,069 - __main__ - INFO - Starting web scraping for combined Netflix movies...
2024-08-15 20:03:10,340 - __main__ - INFO - Web scraping completed.
2024-08-15 20:03:10,341 - __main__ - INFO - Starting ratings extraction...
2024-08-15 20:05:40,804 - __main__ - INFO - Ratings extraction completed.
2024-08-15 20:05:40,804 - __main__ - INFO - Starting ratings transformation...
2024-08-15 20:06:38,268 - __main__ - INFO - Ratings transformation completed.
2024-08-15 20:06:38,268 - __main__ - INFO - Starting all movies transformation...
2024-08-15 20:07:22,150 - __main__ - INFO - All movies transformation completed.
2024-08-15 20:07:22,150 - __main__ - INFO - Starting to add Golden Globe awards...
2024-08-15 20:07:23,303 - __main__ - INFO - Golden Globe awards added.
2024-08-15 20:07:23,303 - __main__ - INFO - Starting to merge IMDb Oscar awards...
2024-08-15 20:07:26,258 - __main__ - INFO - Oscar awards merged.
2024-08-15 20:07:26,259 - __main__ - INFO - Starting genre mapping...
2024-08-15 20:07:27,641 - __main__ - INFO - Genre mapping completed: {'Romance': 0, 'Documentary': 1, 'Action': 2, 'Drama': 3, 'Adventure': 4, '\\N': 5, 'Biography': 6, 'War': 7, 'History': 8, 'Western': 9, 'Crime': 10, 'Comedy': 11, 'Horror': 12, 'Fantasy': 13, 'Mystery': 14, 'Family': 15, 'Animation': 16, 'Music': 17, 'Sci-Fi': 18, 'Thriller': 19, 'Musical': 20, 'Film-Noir': 21, 'Sport': 22, 'Game-Show': 23, 'News': 24, 'Talk-Show': 25, 'Adult': 26, 'Reality-TV': 27, ' & Me': 28, ' the Naked Girl': 29, ' 3': 30, 'Short': 31, ' du beurre': 32, ' Erases': 33}
2024-08-15 20:07:27,643 - __main__ - INFO - Loading datasets...
2024-08-15 20:07:27,890 - __main__ - INFO - Datasets loaded.
2024-08-15 20:07:27,890 - __main__ - INFO - Performing descriptive analysis...
2024-08-15 20:10:52,295 - __main__ - INFO - Starting to download datasets...
2024-08-15 20:11:15,939 - __main__ - INFO - IMDB datasets downloaded.
2024-08-15 20:11:18,066 - __main__ - INFO - Kaggle datasets downloaded.
2024-08-15 20:11:18,066 - __main__ - INFO - Starting web scraping for combined Netflix movies...
2024-08-15 20:11:58,678 - __main__ - INFO - Web scraping completed.
2024-08-15 20:11:58,679 - __main__ - INFO - Starting ratings extraction...
2024-08-15 20:13:23,061 - __main__ - INFO - Ratings extraction completed.
2024-08-15 20:13:23,061 - __main__ - INFO - Starting ratings transformation...
2024-08-15 20:14:52,582 - __main__ - INFO - Ratings transformation completed.
2024-08-15 20:14:52,583 - __main__ - INFO - Starting all movies transformation...
2024-08-15 20:16:21,138 - __main__ - INFO - All movies transformation completed.
2024-08-15 20:16:21,139 - __main__ - INFO - Starting to add Golden Globe awards...
2024-08-15 20:16:23,292 - __main__ - INFO - Golden Globe awards added.
2024-08-15 20:16:23,293 - __main__ - INFO - Starting to merge IMDb Oscar awards...
2024-08-15 20:16:28,437 - __main__ - INFO - Oscar awards merged.
2024-08-15 20:16:28,437 - __main__ - INFO - Starting genre mapping...
2024-08-15 20:16:30,252 - __main__ - INFO - Genre mapping completed: {'Romance': 0, 'Documentary': 1, 'Action': 2, 'Drama': 3, 'Adventure': 4, '\\N': 5, 'Biography': 6, 'War': 7, 'History': 8, 'Western': 9, 'Crime': 10, 'Comedy': 11, 'Horror': 12, 'Fantasy': 13, 'Mystery': 14, 'Family': 15, 'Animation': 16, 'Music': 17, 'Sci-Fi': 18, 'Thriller': 19, 'Musical': 20, 'Film-Noir': 21, 'Sport': 22, 'Game-Show': 23, 'News': 24, 'Talk-Show': 25, 'Adult': 26, 'Reality-TV': 27, ' & Me': 28, ' the Naked Girl': 29, ' 3': 30, 'Short': 31, ' du beurre': 32, ' Erases': 33}
2024-08-15 20:16:30,253 - __main__ - INFO - Loading datasets...
2024-08-15 20:16:30,463 - __main__ - INFO - Datasets loaded.
2024-08-15 20:16:30,464 - __main__ - INFO - Performing descriptive analysis...
2024-08-15 20:16:31,095 - __main__ - INFO - Descriptive analysis completed.
2024-08-15 20:16:31,095 - __main__ - INFO - Preprocessing data for model...
2024-08-15 20:16:31,450 - __main__ - INFO - Model predictions completed.
2024-08-15 20:16:31,450 - __main__ - INFO - Evaluating model recommendations...
2024-08-15 20:16:31,462 - __main__ - INFO - Model evaluation completed.
2024-08-15 20:16:31,462 - __main__ - INFO - Turning genres into strings...
2024-08-15 20:16:31,513 - __main__ - INFO - Reverting genres
2024-08-15 20:16:31,513 - __main__ - INFO - Recommendation genre creation...
2024-08-15 20:27:37,262 - __main__ - INFO - Starting to download datasets...
2024-08-15 20:28:38,939 - __main__ - INFO - IMDB datasets downloaded.
2024-08-15 20:28:42,095 - __main__ - INFO - Kaggle datasets downloaded.
2024-08-15 20:28:42,096 - __main__ - INFO - Starting web scraping for combined Netflix movies...
2024-08-15 20:29:31,185 - __main__ - INFO - Web scraping completed.
2024-08-15 20:29:31,186 - __main__ - INFO - Starting ratings extraction...
2024-08-15 20:32:17,497 - __main__ - INFO - Ratings extraction completed.
2024-08-15 20:32:17,497 - __main__ - INFO - Starting ratings transformation...
2024-08-15 20:34:15,604 - __main__ - INFO - Ratings transformation completed.
2024-08-15 20:34:15,605 - __main__ - INFO - Starting all movies transformation...
2024-08-15 20:35:27,550 - __main__ - INFO - All movies transformation completed.
2024-08-15 20:35:27,550 - __main__ - INFO - Starting to add Golden Globe awards...
2024-08-15 20:35:29,659 - __main__ - INFO - Golden Globe awards added.
2024-08-15 20:35:29,660 - __main__ - INFO - Starting to merge IMDb Oscar awards...
2024-08-15 20:35:34,831 - __main__ - INFO - Oscar awards merged.
2024-08-15 20:35:34,832 - __main__ - INFO - Starting genre mapping...
2024-08-15 20:35:37,979 - __main__ - INFO - Genre mapping completed: {'Romance': 0, 'Documentary': 1, 'Action': 2, 'Drama': 3, 'Adventure': 4, '\\N': 5, 'Biography': 6, 'War': 7, 'History': 8, 'Western': 9, 'Crime': 10, 'Comedy': 11, 'Horror': 12, 'Fantasy': 13, 'Mystery': 14, 'Family': 15, 'Animation': 16, 'Music': 17, 'Sci-Fi': 18, 'Thriller': 19, 'Musical': 20, 'Film-Noir': 21, 'Sport': 22, 'Game-Show': 23, 'News': 24, 'Talk-Show': 25, 'Adult': 26, 'Reality-TV': 27, ' & Me': 28, ' the Naked Girl': 29, ' 3': 30, 'Short': 31, ' du beurre': 32, ' Erases': 33}
2024-08-15 20:35:37,981 - __main__ - INFO - Loading datasets...
2024-08-15 20:35:38,474 - __main__ - INFO - Datasets loaded.
2024-08-15 20:35:38,474 - __main__ - INFO - Performing descriptive analysis...
2024-08-15 20:35:40,164 - __main__ - INFO - Descriptive analysis completed.
2024-08-15 20:35:40,165 - __main__ - INFO - Preprocessing data for model...
2024-08-15 20:35:41,048 - __main__ - INFO - Model predictions completed.
2024-08-15 20:35:41,049 - __main__ - INFO - Evaluating model recommendations...
2024-08-15 20:35:41,079 - __main__ - INFO - Model evaluation completed.
2024-08-15 20:35:41,080 - __main__ - INFO - Turning genres into strings...
2024-08-15 20:35:41,234 - __main__ - INFO - Reverting genres
2024-08-15 20:35:41,234 - __main__ - INFO - Recommendation genre creation...
2024-08-15 20:40:33,705 - __main__ - INFO - Starting to download datasets...
2024-08-15 20:41:06,701 - __main__ - INFO - IMDB datasets downloaded.
2024-08-15 20:41:09,978 - __main__ - INFO - Kaggle datasets downloaded.
2024-08-15 20:41:09,979 - __main__ - INFO - Starting web scraping for combined Netflix movies...
2024-08-15 20:42:04,879 - __main__ - INFO - Web scraping completed.
2024-08-15 20:42:04,880 - __main__ - INFO - Starting ratings extraction...
2024-08-15 20:44:49,056 - __main__ - INFO - Ratings extraction completed.
2024-08-15 20:44:49,057 - __main__ - INFO - Starting ratings transformation...
2024-08-15 20:46:49,423 - __main__ - INFO - Ratings transformation completed.
2024-08-15 20:46:49,424 - __main__ - INFO - Starting all movies transformation...
2024-08-15 20:48:16,632 - __main__ - INFO - All movies transformation completed.
2024-08-15 20:48:16,633 - __main__ - INFO - Starting to add Golden Globe awards...
2024-08-15 20:48:18,807 - __main__ - INFO - Golden Globe awards added.
2024-08-15 20:48:18,808 - __main__ - INFO - Starting to merge IMDb Oscar awards...
2024-08-15 20:48:23,948 - __main__ - INFO - Oscar awards merged.
2024-08-15 20:48:23,948 - __main__ - INFO - Starting genre mapping...
2024-08-15 20:48:27,075 - __main__ - INFO - Genre mapping completed: {'Romance': 0, 'Documentary': 1, 'Action': 2, 'Drama': 3, 'Adventure': 4, '\\N': 5, 'Biography': 6, 'War': 7, 'History': 8, 'Western': 9, 'Crime': 10, 'Comedy': 11, 'Horror': 12, 'Fantasy': 13, 'Mystery': 14, 'Family': 15, 'Animation': 16, 'Music': 17, 'Sci-Fi': 18, 'Thriller': 19, 'Musical': 20, 'Film-Noir': 21, 'Sport': 22, 'Game-Show': 23, 'News': 24, 'Talk-Show': 25, 'Adult': 26, 'Reality-TV': 27, ' & Me': 28, ' the Naked Girl': 29, ' 3': 30, 'Short': 31, ' du beurre': 32, ' Erases': 33}
2024-08-15 20:48:27,076 - __main__ - INFO - Loading datasets...
2024-08-15 20:48:27,599 - __main__ - INFO - Datasets loaded.
2024-08-15 20:48:27,600 - __main__ - INFO - Performing descriptive analysis...
2024-08-15 20:48:29,444 - __main__ - INFO - Descriptive analysis completed.
2024-08-15 20:48:29,444 - __main__ - INFO - Preprocessing data for model...
2024-08-15 20:48:30,358 - __main__ - INFO - Model predictions completed.
2024-08-15 20:48:30,358 - __main__ - INFO - Evaluating model recommendations...
2024-08-15 20:48:30,383 - __main__ - INFO - Model evaluation completed.
2024-08-15 20:48:30,384 - __main__ - INFO - Turning genres into strings...
2024-08-15 20:48:30,525 - __main__ - INFO - Reverting genres
2024-08-15 20:48:30,525 - __main__ - INFO - Recommendation genre creation...
2024-08-15 20:49:44,028 - __main__ - INFO - Starting to download datasets...
2024-08-15 20:50:07,894 - __main__ - INFO - IMDB datasets downloaded.
2024-08-15 20:50:09,595 - __main__ - INFO - Kaggle datasets downloaded.
2024-08-15 20:50:09,595 - __main__ - INFO - Starting web scraping for combined Netflix movies...
2024-08-15 20:51:06,226 - __main__ - INFO - Web scraping completed.
2024-08-15 20:51:06,227 - __main__ - INFO - Starting ratings extraction...
2024-08-15 20:52:26,090 - __main__ - INFO - Ratings extraction completed.
2024-08-15 20:52:26,091 - __main__ - INFO - Starting ratings transformation...
2024-08-15 20:53:20,353 - __main__ - INFO - Ratings transformation completed.
2024-08-15 20:53:20,354 - __main__ - INFO - Starting all movies transformation...
2024-08-15 20:54:05,328 - __main__ - INFO - All movies transformation completed.
2024-08-15 20:54:05,329 - __main__ - INFO - Starting to add Golden Globe awards...
2024-08-15 20:54:06,290 - __main__ - INFO - Golden Globe awards added.
2024-08-15 20:54:06,290 - __main__ - INFO - Starting to merge IMDb Oscar awards...
2024-08-15 20:54:08,661 - __main__ - INFO - Oscar awards merged.
2024-08-15 20:54:08,661 - __main__ - INFO - Starting genre mapping...
2024-08-15 20:54:10,051 - __main__ - INFO - Genre mapping completed: {'Romance': 0, 'Documentary': 1, 'Action': 2, 'Drama': 3, 'Adventure': 4, '\\N': 5, 'Biography': 6, 'War': 7, 'History': 8, 'Western': 9, 'Crime': 10, 'Comedy': 11, 'Horror': 12, 'Fantasy': 13, 'Mystery': 14, 'Family': 15, 'Animation': 16, 'Music': 17, 'Sci-Fi': 18, 'Thriller': 19, 'Musical': 20, 'Film-Noir': 21, 'Sport': 22, 'Game-Show': 23, 'News': 24, 'Talk-Show': 25, 'Adult': 26, 'Reality-TV': 27, ' & Me': 28, ' the Naked Girl': 29, ' 3': 30, 'Short': 31, ' du beurre': 32, ' Erases': 33}
2024-08-15 20:54:10,052 - __main__ - INFO - Loading datasets...
2024-08-15 20:54:10,282 - __main__ - INFO - Datasets loaded.
2024-08-15 20:54:10,282 - __main__ - INFO - Performing descriptive analysis...
2024-08-15 20:54:11,048 - __main__ - INFO - Descriptive analysis completed.
2024-08-15 20:54:11,049 - __main__ - INFO - Preprocessing data for model...
2024-08-15 20:54:11,431 - __main__ - INFO - Model predictions completed.
2024-08-15 20:54:11,432 - __main__ - INFO - Evaluating model recommendations...
2024-08-15 20:54:11,446 - __main__ - INFO - Model evaluation completed.
2024-08-15 20:54:11,447 - __main__ - INFO - Turning genres into strings...
2024-08-15 20:54:11,503 - __main__ - INFO - Reverting genres
2024-08-15 20:54:11,503 - __main__ - INFO - Recommendation genre creation...
2024-08-15 20:58:34,064 - __main__ - INFO - Starting to download datasets...
2024-08-15 20:58:57,442 - __main__ - INFO - IMDB datasets downloaded.
2024-08-15 20:58:59,254 - __main__ - INFO - Kaggle datasets downloaded.
2024-08-15 20:58:59,254 - __main__ - INFO - Starting web scraping for combined Netflix movies...
2024-08-15 20:59:38,448 - __main__ - INFO - Web scraping completed.
2024-08-15 20:59:38,449 - __main__ - INFO - Starting ratings extraction...
2024-08-15 21:00:43,687 - __main__ - INFO - Ratings extraction completed.
2024-08-15 21:00:43,688 - __main__ - INFO - Starting ratings transformation...
2024-08-15 21:01:30,511 - __main__ - INFO - Ratings transformation completed.
2024-08-15 21:01:30,512 - __main__ - INFO - Starting all movies transformation...
2024-08-15 21:02:08,096 - __main__ - INFO - All movies transformation completed.
2024-08-15 21:02:08,097 - __main__ - INFO - Starting to add Golden Globe awards...
2024-08-15 21:02:09,006 - __main__ - INFO - Golden Globe awards added.
2024-08-15 21:02:09,006 - __main__ - INFO - Starting to merge IMDb Oscar awards...
2024-08-15 21:02:11,119 - __main__ - INFO - Oscar awards merged.
2024-08-15 21:02:11,119 - __main__ - INFO - Starting genre mapping...
2024-08-15 21:02:12,362 - __main__ - INFO - Genre mapping completed: {'Romance': 0, 'Documentary': 1, 'Action': 2, 'Drama': 3, 'Adventure': 4, '\\N': 5, 'Biography': 6, 'War': 7, 'History': 8, 'Western': 9, 'Crime': 10, 'Comedy': 11, 'Horror': 12, 'Fantasy': 13, 'Mystery': 14, 'Family': 15, 'Animation': 16, 'Music': 17, 'Sci-Fi': 18, 'Thriller': 19, 'Musical': 20, 'Film-Noir': 21, 'Sport': 22, 'Game-Show': 23, 'News': 24, 'Talk-Show': 25, 'Adult': 26, 'Reality-TV': 27, ' & Me': 28, ' the Naked Girl': 29, ' 3': 30, 'Short': 31, ' du beurre': 32, ' Erases': 33}
2024-08-15 21:02:12,362 - __main__ - INFO - Loading datasets...
2024-08-15 21:02:12,569 - __main__ - INFO - Datasets loaded.
2024-08-15 21:02:12,569 - __main__ - INFO - Performing descriptive analysis...
2024-08-15 21:02:13,303 - __main__ - INFO - Descriptive analysis completed.
2024-08-15 21:02:13,304 - __main__ - INFO - Preprocessing data for model...
2024-08-15 21:02:13,655 - __main__ - INFO - Model predictions completed.
2024-08-15 21:02:13,656 - __main__ - INFO - Evaluating model recommendations...
2024-08-15 21:02:13,667 - __main__ - INFO - Model evaluation completed.
2024-08-15 21:02:13,667 - __main__ - INFO - Turning genres into strings...
2024-08-15 21:02:13,716 - __main__ - INFO - Reverting genres
2024-08-15 21:02:13,717 - __main__ - INFO - Recommendation genre creation...
2024-08-15 21:19:58,511 - __main__ - INFO - Starting to download datasets...
2024-08-15 21:20:30,681 - __main__ - INFO - IMDB datasets downloaded.
2024-08-15 21:20:34,118 - __main__ - INFO - Kaggle datasets downloaded.
2024-08-15 21:20:34,119 - __main__ - INFO - Starting web scraping for combined Netflix movies...
2024-08-15 21:21:19,987 - __main__ - INFO - Web scraping completed.
2024-08-15 21:21:19,988 - __main__ - INFO - Starting ratings extraction...
2024-08-15 21:24:02,559 - __main__ - INFO - Ratings extraction completed.
2024-08-15 21:24:02,560 - __main__ - INFO - Starting ratings transformation...
2024-08-15 21:26:04,660 - __main__ - INFO - Ratings transformation completed.
2024-08-15 21:26:04,660 - __main__ - INFO - Starting all movies transformation...
2024-08-15 21:27:31,981 - __main__ - INFO - All movies transformation completed.
2024-08-15 21:27:31,981 - __main__ - INFO - Starting to add Golden Globe awards...
2024-08-15 21:27:34,021 - __main__ - INFO - Golden Globe awards added.
2024-08-15 21:27:34,022 - __main__ - INFO - Starting to merge IMDb Oscar awards...
2024-08-15 21:27:38,959 - __main__ - INFO - Oscar awards merged.
2024-08-15 21:27:38,959 - __main__ - INFO - Starting genre mapping...
2024-08-15 21:27:41,961 - __main__ - INFO - Genre mapping completed: {'Romance': 0, 'Documentary': 1, 'Action': 2, 'Drama': 3, 'Adventure': 4, '\\N': 5, 'Biography': 6, 'War': 7, 'History': 8, 'Western': 9, 'Crime': 10, 'Comedy': 11, 'Horror': 12, 'Fantasy': 13, 'Mystery': 14, 'Family': 15, 'Animation': 16, 'Music': 17, 'Sci-Fi': 18, 'Thriller': 19, 'Musical': 20, 'Film-Noir': 21, 'Sport': 22, 'Game-Show': 23, 'News': 24, 'Talk-Show': 25, 'Adult': 26, 'Reality-TV': 27, ' & Me': 28, ' the Naked Girl': 29, ' 3': 30, 'Short': 31, ' du beurre': 32, ' Erases': 33}
2024-08-15 21:27:41,962 - __main__ - INFO - Loading datasets...
2024-08-15 21:27:42,473 - __main__ - INFO - Datasets loaded.
2024-08-15 21:27:42,474 - __main__ - INFO - Performing descriptive analysis...
2024-08-15 21:27:44,286 - __main__ - INFO - Descriptive analysis completed.
2024-08-15 21:27:44,287 - __main__ - INFO - Preprocessing data for model...
2024-08-15 21:27:45,134 - __main__ - INFO - Model predictions completed.
2024-08-15 21:27:45,135 - __main__ - INFO - Evaluating model recommendations...
2024-08-15 21:27:45,165 - __main__ - INFO - Model evaluation completed.
2024-08-15 21:27:45,166 - __main__ - INFO - Turning genres into strings...
2024-08-15 21:27:45,303 - __main__ - INFO - Reverting genres
2024-08-15 21:27:45,304 - __main__ - INFO - Recommendation genre creation...
2024-08-15 21:28:46,241 - __main__ - INFO - Starting to download datasets...
2024-08-15 21:29:14,669 - __main__ - INFO - IMDB datasets downloaded.
2024-08-15 21:29:17,777 - __main__ - INFO - Kaggle datasets downloaded.
2024-08-15 21:29:17,778 - __main__ - INFO - Starting web scraping for combined Netflix movies...
2024-08-15 21:30:06,329 - __main__ - INFO - Web scraping completed.
2024-08-15 21:30:06,330 - __main__ - INFO - Starting ratings extraction...
2024-08-15 21:32:52,275 - __main__ - INFO - Ratings extraction completed.
2024-08-15 21:32:52,275 - __main__ - INFO - Starting ratings transformation...
2024-08-15 21:34:41,066 - __main__ - INFO - Ratings transformation completed.
2024-08-15 21:34:41,067 - __main__ - INFO - Starting all movies transformation...
2024-08-15 21:35:24,367 - __main__ - INFO - All movies transformation completed.
2024-08-15 21:35:24,367 - __main__ - INFO - Starting to add Golden Globe awards...
2024-08-15 21:35:25,540 - __main__ - INFO - Golden Globe awards added.
2024-08-15 21:35:25,540 - __main__ - INFO - Starting to merge IMDb Oscar awards...
2024-08-15 21:35:28,228 - __main__ - INFO - Oscar awards merged.
2024-08-15 21:35:28,228 - __main__ - INFO - Starting genre mapping...
2024-08-15 21:35:29,681 - __main__ - INFO - Genre mapping completed: {'Romance': 0, 'Documentary': 1, 'Action': 2, 'Drama': 3, 'Adventure': 4, '\\N': 5, 'Biography': 6, 'War': 7, 'History': 8, 'Western': 9, 'Crime': 10, 'Comedy': 11, 'Horror': 12, 'Fantasy': 13, 'Mystery': 14, 'Family': 15, 'Animation': 16, 'Music': 17, 'Sci-Fi': 18, 'Thriller': 19, 'Musical': 20, 'Film-Noir': 21, 'Sport': 22, 'Game-Show': 23, 'News': 24, 'Talk-Show': 25, 'Adult': 26, 'Reality-TV': 27, ' & Me': 28, ' the Naked Girl': 29, ' 3': 30, 'Short': 31, ' du beurre': 32, ' Erases': 33}
2024-08-15 21:35:29,683 - __main__ - INFO - Loading datasets...
2024-08-15 21:35:29,986 - __main__ - INFO - Datasets loaded.
2024-08-15 21:35:29,987 - __main__ - INFO - Performing descriptive analysis...
2024-08-15 21:35:31,126 - __main__ - INFO - Descriptive analysis completed.
2024-08-15 21:35:31,126 - __main__ - INFO - Preprocessing data for model...
2024-08-15 21:35:31,617 - __main__ - INFO - Model predictions completed.
2024-08-15 21:35:31,617 - __main__ - INFO - Evaluating model recommendations...
2024-08-15 21:35:31,632 - __main__ - INFO - Model evaluation completed.
2024-08-15 21:35:31,633 - __main__ - INFO - Turning genres into strings...
2024-08-15 21:35:31,709 - __main__ - INFO - Reverting genres
2024-08-15 21:35:31,710 - __main__ - INFO - Recommendation genre creation...
2024-08-15 21:36:46,313 - __main__ - INFO - Starting to download datasets...
2024-08-15 21:37:14,373 - __main__ - INFO - IMDB datasets downloaded.
2024-08-15 21:37:17,542 - __main__ - INFO - Kaggle datasets downloaded.
2024-08-15 21:37:17,542 - __main__ - INFO - Starting web scraping for combined Netflix movies...
2024-08-15 21:38:05,153 - __main__ - INFO - Web scraping completed.
2024-08-15 21:38:05,153 - __main__ - INFO - Starting ratings extraction...
2024-08-15 21:40:47,522 - __main__ - INFO - Ratings extraction completed.
2024-08-15 21:40:47,522 - __main__ - INFO - Starting ratings transformation...
2024-08-15 21:42:47,534 - __main__ - INFO - Ratings transformation completed.
2024-08-15 21:42:47,535 - __main__ - INFO - Starting all movies transformation...
2024-08-15 21:44:12,315 - __main__ - INFO - All movies transformation completed.
2024-08-15 21:44:12,316 - __main__ - INFO - Starting to add Golden Globe awards...
2024-08-15 21:44:13,564 - __main__ - INFO - Golden Globe awards added.
2024-08-15 21:44:13,565 - __main__ - INFO - Starting to merge IMDb Oscar awards...
2024-08-15 21:44:16,721 - __main__ - INFO - Oscar awards merged.
2024-08-15 21:44:16,721 - __main__ - INFO - Starting genre mapping...
2024-08-15 21:44:18,120 - __main__ - INFO - Genre mapping completed: {'Romance': 0, 'Documentary': 1, 'Action': 2, 'Drama': 3, 'Adventure': 4, '\\N': 5, 'Biography': 6, 'War': 7, 'History': 8, 'Western': 9, 'Crime': 10, 'Comedy': 11, 'Horror': 12, 'Fantasy': 13, 'Mystery': 14, 'Family': 15, 'Animation': 16, 'Music': 17, 'Sci-Fi': 18, 'Thriller': 19, 'Musical': 20, 'Film-Noir': 21, 'Sport': 22, 'Game-Show': 23, 'News': 24, 'Talk-Show': 25, 'Adult': 26, 'Reality-TV': 27, ' & Me': 28, ' the Naked Girl': 29, ' 3': 30, 'Short': 31, ' du beurre': 32, ' Erases': 33}
2024-08-15 21:44:18,122 - __main__ - INFO - Loading datasets...
2024-08-15 21:44:18,345 - __main__ - INFO - Datasets loaded.
2024-08-15 21:44:18,346 - __main__ - INFO - Performing descriptive analysis...
2024-08-15 21:44:19,201 - __main__ - INFO - Descriptive analysis completed.
2024-08-15 21:44:19,202 - __main__ - INFO - Preprocessing data for model...
2024-08-15 21:44:19,570 - __main__ - INFO - Model predictions completed.
2024-08-15 21:44:19,570 - __main__ - INFO - Evaluating model recommendations...
2024-08-15 21:44:19,581 - __main__ - INFO - Model evaluation completed.
2024-08-15 21:44:19,581 - __main__ - INFO - Turning genres into strings...
2024-08-15 21:44:19,637 - __main__ - INFO - Reverting genres
2024-08-15 21:44:19,637 - __main__ - INFO - Recommendation genre creation...
2024-08-15 21:47:38,932 - __main__ - INFO - Starting to download datasets...
2024-08-15 21:48:07,953 - __main__ - INFO - IMDB datasets downloaded.
2024-08-15 21:48:10,908 - __main__ - INFO - Kaggle datasets downloaded.
2024-08-15 21:48:10,908 - __main__ - INFO - Starting web scraping for combined Netflix movies...
2024-08-15 21:48:56,826 - __main__ - INFO - Web scraping completed.
2024-08-15 21:48:56,827 - __main__ - INFO - Starting ratings extraction...
2024-08-15 21:51:40,489 - __main__ - INFO - Ratings extraction completed.
2024-08-15 21:51:40,489 - __main__ - INFO - Starting ratings transformation...
2024-08-15 21:53:39,725 - __main__ - INFO - Ratings transformation completed.
2024-08-15 21:53:39,726 - __main__ - INFO - Starting all movies transformation...
2024-08-15 21:55:08,890 - __main__ - INFO - All movies transformation completed.
2024-08-15 21:55:08,890 - __main__ - INFO - Starting to add Golden Globe awards...
2024-08-15 21:55:11,023 - __main__ - INFO - Golden Globe awards added.
2024-08-15 21:55:11,024 - __main__ - INFO - Starting to merge IMDb Oscar awards...
2024-08-15 21:55:16,118 - __main__ - INFO - Oscar awards merged.
2024-08-15 21:55:16,119 - __main__ - INFO - Starting genre mapping...
2024-08-15 21:55:19,132 - __main__ - INFO - Genre mapping completed: {'Romance': 0, 'Documentary': 1, 'Action': 2, 'Drama': 3, 'Adventure': 4, '\\N': 5, 'Biography': 6, 'War': 7, 'History': 8, 'Western': 9, 'Crime': 10, 'Comedy': 11, 'Horror': 12, 'Fantasy': 13, 'Mystery': 14, 'Family': 15, 'Animation': 16, 'Music': 17, 'Sci-Fi': 18, 'Thriller': 19, 'Musical': 20, 'Film-Noir': 21, 'Sport': 22, 'Game-Show': 23, 'News': 24, 'Talk-Show': 25, 'Adult': 26, 'Reality-TV': 27, ' & Me': 28, ' the Naked Girl': 29, ' 3': 30, 'Short': 31, ' du beurre': 32, ' Erases': 33}
2024-08-15 21:55:19,134 - __main__ - INFO - Loading datasets...
2024-08-15 21:55:19,623 - __main__ - INFO - Datasets loaded.
2024-08-15 21:55:19,623 - __main__ - INFO - Performing descriptive analysis...
2024-08-15 21:55:21,511 - __main__ - INFO - Descriptive analysis completed.
2024-08-15 21:55:21,512 - __main__ - INFO - Preprocessing data for model...
2024-08-15 21:55:22,357 - __main__ - INFO - Model predictions completed.
2024-08-15 21:55:22,357 - __main__ - INFO - Evaluating model recommendations...
2024-08-15 21:55:22,384 - __main__ - INFO - Model evaluation completed.
2024-08-15 21:55:22,384 - __main__ - INFO - Turning genres into strings...
2024-08-15 21:55:22,529 - __main__ - INFO - Reverting genres
2024-08-15 21:55:22,529 - __main__ - INFO - Recommendation genre creation...
2024-08-15 21:56:26,905 - __main__ - INFO - Starting to download datasets...
2024-08-15 21:56:57,338 - __main__ - INFO - IMDB datasets downloaded.
2024-08-15 21:57:00,202 - __main__ - INFO - Kaggle datasets downloaded.
2024-08-15 21:57:00,203 - __main__ - INFO - Starting web scraping for combined Netflix movies...
2024-08-15 21:57:52,839 - __main__ - INFO - Web scraping completed.
2024-08-15 21:57:52,840 - __main__ - INFO - Starting ratings extraction...
2024-08-15 22:00:03,404 - __main__ - INFO - Ratings extraction completed.
2024-08-15 22:00:03,405 - __main__ - INFO - Starting ratings transformation...
2024-08-15 22:01:03,683 - __main__ - INFO - Ratings transformation completed.
2024-08-15 22:01:03,684 - __main__ - INFO - Starting all movies transformation...
2024-08-15 22:01:49,214 - __main__ - INFO - All movies transformation completed.
2024-08-15 22:01:49,215 - __main__ - INFO - Starting to add Golden Globe awards...
2024-08-15 22:01:50,288 - __main__ - INFO - Golden Globe awards added.
2024-08-15 22:01:50,289 - __main__ - INFO - Starting to merge IMDb Oscar awards...
2024-08-15 22:01:52,786 - __main__ - INFO - Oscar awards merged.
2024-08-15 22:01:52,787 - __main__ - INFO - Starting genre mapping...
2024-08-15 22:01:54,301 - __main__ - INFO - Genre mapping completed: {'Romance': 0, 'Documentary': 1, 'Action': 2, 'Drama': 3, 'Adventure': 4, '\\N': 5, 'Biography': 6, 'War': 7, 'History': 8, 'Western': 9, 'Crime': 10, 'Comedy': 11, 'Horror': 12, 'Fantasy': 13, 'Mystery': 14, 'Family': 15, 'Animation': 16, 'Music': 17, 'Sci-Fi': 18, 'Thriller': 19, 'Musical': 20, 'Film-Noir': 21, 'Sport': 22, 'Game-Show': 23, 'News': 24, 'Talk-Show': 25, 'Adult': 26, 'Reality-TV': 27, ' & Me': 28, ' the Naked Girl': 29, ' 3': 30, 'Short': 31, ' du beurre': 32, ' Erases': 33}
2024-08-15 22:01:54,303 - __main__ - INFO - Loading datasets...
2024-08-15 22:01:54,544 - __main__ - INFO - Datasets loaded.
2024-08-15 22:01:54,545 - __main__ - INFO - Performing descriptive analysis...
2024-08-15 22:01:55,558 - __main__ - INFO - Descriptive analysis completed.
2024-08-15 22:01:55,558 - __main__ - INFO - Preprocessing data for model...
2024-08-15 22:01:56,030 - __main__ - INFO - Model predictions completed.
2024-08-15 22:01:56,030 - __main__ - INFO - Evaluating model recommendations...
2024-08-15 22:01:56,044 - __main__ - INFO - Model evaluation completed.
2024-08-15 22:01:56,044 - __main__ - INFO - Turning genres into strings...
2024-08-15 22:01:56,124 - __main__ - INFO - Reverting genres
2024-08-15 22:01:56,125 - __main__ - INFO - Recommendation genre creation...
2024-08-15 22:10:20,801 - __main__ - INFO - Starting to download datasets...
2024-08-15 22:10:55,651 - __main__ - INFO - IMDB datasets downloaded.
2024-08-15 22:10:58,995 - __main__ - INFO - Kaggle datasets downloaded.
2024-08-15 22:10:58,996 - __main__ - INFO - Starting web scraping for combined Netflix movies...
2024-08-15 22:11:46,890 - __main__ - INFO - Web scraping completed.
2024-08-15 22:11:46,905 - __main__ - INFO - Starting ratings extraction...
2024-08-15 22:14:24,247 - __main__ - INFO - Ratings extraction completed.
2024-08-15 22:14:24,247 - __main__ - INFO - Starting ratings transformation...
2024-08-15 22:16:20,043 - __main__ - INFO - Ratings transformation completed.
2024-08-15 22:16:20,044 - __main__ - INFO - Starting all movies transformation...
2024-08-15 22:17:48,225 - __main__ - INFO - All movies transformation completed.
2024-08-15 22:17:48,225 - __main__ - INFO - Starting to add Golden Globe awards...
2024-08-15 22:17:50,278 - __main__ - INFO - Golden Globe awards added.
2024-08-15 22:17:50,279 - __main__ - INFO - Starting to merge IMDb Oscar awards...
2024-08-15 22:17:55,248 - __main__ - INFO - Oscar awards merged.
2024-08-15 22:17:55,249 - __main__ - INFO - Starting genre mapping...
2024-08-15 22:17:59,336 - __main__ - INFO - Genre mapping completed: {'Romance': 0, 'Documentary': 1, 'Action': 2, 'Drama': 3, 'Adventure': 4, '\\N': 5, 'Biography': 6, 'War': 7, 'History': 8, 'Western': 9, 'Crime': 10, 'Comedy': 11, 'Horror': 12, 'Fantasy': 13, 'Mystery': 14, 'Family': 15, 'Animation': 16, 'Music': 17, 'Sci-Fi': 18, 'Thriller': 19, 'Musical': 20, 'Film-Noir': 21, 'Sport': 22, 'Game-Show': 23, 'News': 24, 'Talk-Show': 25, 'Adult': 26, 'Reality-TV': 27, ' & Me': 28, ' the Naked Girl': 29, ' 3': 30, 'Short': 31, ' du beurre': 32, ' Erases': 33}
2024-08-15 22:17:59,340 - __main__ - INFO - Loading datasets...
2024-08-15 22:18:00,134 - __main__ - INFO - Datasets loaded.
2024-08-15 22:18:00,136 - __main__ - INFO - Performing descriptive analysis...
2024-08-15 22:18:02,258 - __main__ - INFO - Descriptive analysis completed.
2024-08-15 22:18:02,259 - __main__ - INFO - Preprocessing data for model...
2024-08-15 22:18:03,113 - __main__ - INFO - Model predictions completed.
2024-08-15 22:18:03,114 - __main__ - INFO - Evaluating model recommendations...
2024-08-15 22:18:03,142 - __main__ - INFO - Model evaluation completed.
2024-08-15 22:18:03,143 - __main__ - INFO - Turning genres into strings...
2024-08-15 22:18:03,275 - __main__ - INFO - Reverting genres
2024-08-15 22:18:03,276 - __main__ - INFO - Recommendation genre creation...
2024-08-15 22:24:56,429 - __main__ - INFO - Starting to download datasets...
2024-08-15 22:25:34,503 - __main__ - INFO - IMDB datasets downloaded.
2024-08-15 22:25:37,865 - __main__ - INFO - Kaggle datasets downloaded.
2024-08-15 22:25:37,865 - __main__ - INFO - Starting web scraping for combined Netflix movies...
2024-08-15 22:26:23,412 - __main__ - INFO - Web scraping completed.
2024-08-15 22:26:23,413 - __main__ - INFO - Starting ratings extraction...
2024-08-15 22:28:22,605 - __main__ - INFO - Starting to download datasets...
2024-08-15 22:28:46,729 - __main__ - INFO - IMDB datasets downloaded.
2024-08-15 22:28:48,512 - __main__ - INFO - Kaggle datasets downloaded.
2024-08-15 22:28:48,513 - __main__ - INFO - Starting web scraping for combined Netflix movies...
2024-08-15 22:29:25,367 - __main__ - INFO - Web scraping completed.
2024-08-15 22:29:25,368 - __main__ - INFO - Starting ratings extraction...
2024-08-15 22:30:33,534 - __main__ - INFO - Ratings extraction completed.
2024-08-15 22:30:33,534 - __main__ - INFO - Starting ratings transformation...
2024-08-15 22:31:23,682 - __main__ - INFO - Ratings transformation completed.
2024-08-15 22:31:23,683 - __main__ - INFO - Starting all movies transformation...
2024-08-15 22:32:03,489 - __main__ - INFO - All movies transformation completed.
2024-08-15 22:32:03,490 - __main__ - INFO - Starting to add Golden Globe awards...
2024-08-15 22:32:04,439 - __main__ - INFO - Golden Globe awards added.
2024-08-15 22:32:04,440 - __main__ - INFO - Starting to merge IMDb Oscar awards...
2024-08-15 22:32:06,793 - __main__ - INFO - Oscar awards merged.
2024-08-15 22:32:06,794 - __main__ - INFO - Starting genre mapping...
2024-08-15 22:32:08,142 - __main__ - INFO - Genre mapping completed: {'Romance': 0, 'Documentary': 1, 'Action': 2, 'Drama': 3, 'Adventure': 4, '\\N': 5, 'Biography': 6, 'War': 7, 'History': 8, 'Western': 9, 'Crime': 10, 'Comedy': 11, 'Horror': 12, 'Fantasy': 13, 'Mystery': 14, 'Family': 15, 'Animation': 16, 'Music': 17, 'Sci-Fi': 18, 'Thriller': 19, 'Musical': 20, 'Film-Noir': 21, 'Sport': 22, 'Game-Show': 23, 'News': 24, 'Talk-Show': 25, 'Adult': 26, 'Reality-TV': 27, ' & Me': 28, ' the Naked Girl': 29, ' 3': 30, 'Short': 31, ' du beurre': 32, ' Erases': 33}
2024-08-15 22:32:08,143 - __main__ - INFO - Loading datasets...
2024-08-15 22:32:08,378 - __main__ - INFO - Datasets loaded.
2024-08-15 22:32:08,379 - __main__ - INFO - Performing descriptive analysis...
2024-08-15 22:32:09,476 - __main__ - INFO - Descriptive analysis completed.
2024-08-15 22:32:09,477 - __main__ - INFO - Preprocessing data for model...
2024-08-15 22:32:09,830 - __main__ - INFO - Model predictions completed.
2024-08-15 22:32:09,831 - __main__ - INFO - Evaluating model recommendations...
2024-08-15 22:32:09,853 - __main__ - INFO - Model evaluation completed.
2024-08-15 22:32:09,854 - __main__ - INFO - Turning genres into strings...
2024-08-15 22:32:09,910 - __main__ - INFO - Reverting genres
2024-08-15 22:32:09,910 - __main__ - INFO - Recommendation genre creation...
2024-08-15 22:35:36,936 - __main__ - INFO - Starting to download datasets...
2024-08-15 22:36:00,885 - __main__ - INFO - IMDB datasets downloaded.
2024-08-15 22:36:02,685 - __main__ - INFO - Kaggle datasets downloaded.
2024-08-15 22:36:02,694 - __main__ - INFO - Starting web scraping for combined Netflix movies...
2024-08-15 22:37:43,054 - __main__ - INFO - Recommendation genre creation...
2024-08-15 22:38:35,132 - __main__ - INFO - Starting to download datasets...
2024-08-15 22:42:23,035 - __main__ - INFO - Starting to download datasets...
2024-08-15 22:42:47,427 - __main__ - INFO - IMDB datasets downloaded.
2024-08-15 22:42:49,365 - __main__ - INFO - Kaggle datasets downloaded.
2024-08-15 22:42:49,366 - __main__ - INFO - Starting web scraping for combined Netflix movies...
2024-08-15 22:43:30,236 - __main__ - INFO - Web scraping completed.
2024-08-15 22:43:30,236 - __main__ - INFO - Starting ratings extraction...
2024-08-15 22:44:36,441 - __main__ - INFO - Ratings extraction completed.
2024-08-15 22:44:36,441 - __main__ - INFO - Starting ratings transformation...
2024-08-15 22:45:25,031 - __main__ - INFO - Ratings transformation completed.
2024-08-15 22:45:25,032 - __main__ - INFO - Starting all movies transformation...
2024-08-15 22:46:03,119 - __main__ - INFO - All movies transformation completed.
2024-08-15 22:46:03,120 - __main__ - INFO - Starting to add Golden Globe awards...
2024-08-15 22:46:04,093 - __main__ - INFO - Golden Globe awards added.
2024-08-15 22:46:04,094 - __main__ - INFO - Starting to merge IMDb Oscar awards...
2024-08-15 22:46:06,345 - __main__ - INFO - Oscar awards merged.
2024-08-15 22:46:06,345 - __main__ - INFO - Starting genre mapping...
2024-08-15 22:46:07,667 - __main__ - INFO - Genre mapping completed: {'Romance': 0, 'Documentary': 1, 'Action': 2, 'Drama': 3, 'Adventure': 4, '\\N': 5, 'Biography': 6, 'War': 7, 'History': 8, 'Western': 9, 'Crime': 10, 'Comedy': 11, 'Horror': 12, 'Fantasy': 13, 'Mystery': 14, 'Family': 15, 'Animation': 16, 'Music': 17, 'Sci-Fi': 18, 'Thriller': 19, 'Musical': 20, 'Film-Noir': 21, 'Sport': 22, 'Game-Show': 23, 'News': 24, 'Talk-Show': 25, 'Adult': 26, 'Reality-TV': 27, ' & Me': 28, ' the Naked Girl': 29, ' 3': 30, 'Short': 31, ' du beurre': 32, ' Erases': 33}
2024-08-15 22:46:07,669 - __main__ - INFO - Loading datasets...
2024-08-15 22:46:07,895 - __main__ - INFO - Datasets loaded.
2024-08-15 22:46:07,895 - __main__ - INFO - Performing descriptive analysis...
2024-08-15 22:46:08,377 - __main__ - INFO - Descriptive analysis completed.
2024-08-15 22:46:08,377 - __main__ - INFO - Preprocessing data for model...
2024-08-15 22:46:08,750 - __main__ - INFO - Model predictions completed.
2024-08-15 22:46:08,751 - __main__ - INFO - Evaluating model recommendations...
2024-08-15 22:46:08,773 - __main__ - INFO - Model evaluation completed.
2024-08-15 22:46:08,773 - __main__ - INFO - Turning genres into strings...
2024-08-15 22:46:08,827 - __main__ - INFO - Reverting genres
2024-08-15 22:46:08,827 - __main__ - INFO - Recommendation genre creation...
2024-08-15 22:51:02,797 - __main__ - INFO - Starting to download datasets...
2024-08-15 22:51:25,351 - __main__ - INFO - IMDB datasets downloaded.
2024-08-15 22:51:27,415 - __main__ - INFO - Kaggle datasets downloaded.
2024-08-15 22:51:27,415 - __main__ - INFO - Starting web scraping for combined Netflix movies...
2024-08-15 22:52:17,675 - __main__ - INFO - Web scraping completed.
2024-08-15 22:52:17,675 - __main__ - INFO - Starting ratings extraction...
2024-08-15 22:53:23,231 - __main__ - INFO - Ratings extraction completed.
2024-08-15 22:53:23,232 - __main__ - INFO - Starting ratings transformation...
2024-08-15 22:54:11,940 - __main__ - INFO - Ratings transformation completed.
2024-08-15 22:54:11,940 - __main__ - INFO - Starting all movies transformation...
2024-08-15 22:54:50,523 - __main__ - INFO - All movies transformation completed.
2024-08-15 22:54:50,524 - __main__ - INFO - Starting to add Golden Globe awards...
2024-08-15 22:54:51,451 - __main__ - INFO - Golden Globe awards added.
2024-08-15 22:54:51,452 - __main__ - INFO - Starting to merge IMDb Oscar awards...
2024-08-15 22:54:53,720 - __main__ - INFO - Oscar awards merged.
2024-08-15 22:54:53,721 - __main__ - INFO - Starting genre mapping...
2024-08-15 22:54:55,042 - __main__ - INFO - Genre mapping completed: {'Romance': 0, 'Documentary': 1, 'Action': 2, 'Drama': 3, 'Adventure': 4, '\\N': 5, 'Biography': 6, 'War': 7, 'History': 8, 'Western': 9, 'Crime': 10, 'Comedy': 11, 'Horror': 12, 'Fantasy': 13, 'Mystery': 14, 'Family': 15, 'Animation': 16, 'Music': 17, 'Sci-Fi': 18, 'Thriller': 19, 'Musical': 20, 'Film-Noir': 21, 'Sport': 22, 'Game-Show': 23, 'News': 24, 'Talk-Show': 25, 'Adult': 26, 'Reality-TV': 27, ' & Me': 28, ' the Naked Girl': 29, ' 3': 30, 'Short': 31, ' du beurre': 32, ' Erases': 33}
2024-08-15 22:54:55,043 - __main__ - INFO - Loading datasets...
2024-08-15 22:54:55,268 - __main__ - INFO - Datasets loaded.
2024-08-15 22:54:55,268 - __main__ - INFO - Performing descriptive analysis...
2024-08-15 22:54:55,780 - __main__ - INFO - Descriptive analysis completed.
2024-08-15 22:54:55,781 - __main__ - INFO - Preprocessing data for model...
2024-08-15 22:54:56,145 - __main__ - INFO - Model predictions completed.
2024-08-15 22:54:56,145 - __main__ - INFO - Evaluating model recommendations...
2024-08-15 22:54:56,163 - __main__ - INFO - Model evaluation completed.
2024-08-15 22:54:56,163 - __main__ - INFO - Turning genres into strings...
2024-08-15 22:54:56,184 - __main__ - INFO - Reverting genres
2024-08-15 22:54:56,184 - __main__ - INFO - Recommendation genre creation...
2024-08-15 23:06:17,860 - __main__ - INFO - Starting to download datasets...
2024-08-15 23:06:39,773 - __main__ - INFO - IMDB datasets downloaded.
2024-08-15 23:06:41,605 - __main__ - INFO - Kaggle datasets downloaded.
2024-08-15 23:06:41,605 - __main__ - INFO - Starting web scraping for combined Netflix movies...
2024-08-15 23:07:19,284 - __main__ - INFO - Web scraping completed.
2024-08-15 23:07:19,285 - __main__ - INFO - Starting ratings extraction...
2024-08-15 23:08:25,244 - __main__ - INFO - Ratings extraction completed.
2024-08-15 23:08:25,244 - __main__ - INFO - Starting ratings transformation...
2024-08-15 23:09:13,490 - __main__ - INFO - Ratings transformation completed.
2024-08-15 23:09:13,491 - __main__ - INFO - Starting all movies transformation...
2024-08-15 23:09:51,783 - __main__ - INFO - All movies transformation completed.
2024-08-15 23:09:51,783 - __main__ - INFO - Starting to add Golden Globe awards...
2024-08-15 23:09:52,677 - __main__ - INFO - Golden Globe awards added.
2024-08-15 23:09:52,678 - __main__ - INFO - Starting to merge IMDb Oscar awards...
2024-08-15 23:09:54,857 - __main__ - INFO - Oscar awards merged.
2024-08-15 23:09:54,857 - __main__ - INFO - Starting genre mapping...
2024-08-15 23:09:56,161 - __main__ - INFO - Genre mapping completed: {'Romance': 0, 'Documentary': 1, 'Action': 2, 'Drama': 3, 'Adventure': 4, '\\N': 5, 'Biography': 6, 'War': 7, 'History': 8, 'Western': 9, 'Crime': 10, 'Comedy': 11, 'Horror': 12, 'Fantasy': 13, 'Mystery': 14, 'Family': 15, 'Animation': 16, 'Music': 17, 'Sci-Fi': 18, 'Thriller': 19, 'Musical': 20, 'Film-Noir': 21, 'Sport': 22, 'Game-Show': 23, 'News': 24, 'Talk-Show': 25, 'Adult': 26, 'Reality-TV': 27, ' & Me': 28, ' the Naked Girl': 29, ' 3': 30, 'Short': 31, ' du beurre': 32, ' Erases': 33}
2024-08-15 23:09:56,162 - __main__ - INFO - Loading datasets...
2024-08-15 23:09:56,377 - __main__ - INFO - Datasets loaded.
2024-08-15 23:09:56,378 - __main__ - INFO - Performing descriptive analysis...
2024-08-15 23:09:56,913 - __main__ - INFO - Descriptive analysis completed.
2024-08-15 23:09:56,913 - __main__ - INFO - Preprocessing data for model...
2024-08-15 23:09:57,289 - __main__ - INFO - Model predictions completed.
2024-08-15 23:09:57,289 - __main__ - INFO - Evaluating model recommendations...
2024-08-15 23:09:57,303 - __main__ - INFO - Model evaluation completed.
2024-08-15 23:09:57,303 - __main__ - INFO - Turning genres into strings...
2024-08-15 23:09:57,322 - __main__ - INFO - Reverting genres
2024-08-15 23:09:57,322 - __main__ - INFO - Recommendation genre creation...
2024-08-15 23:11:44,871 - __main__ - INFO - Starting to download datasets...
2024-08-15 23:12:05,973 - __main__ - INFO - IMDB datasets downloaded.
2024-08-15 23:12:07,848 - __main__ - INFO - Kaggle datasets downloaded.
2024-08-15 23:12:07,849 - __main__ - INFO - Starting web scraping for combined Netflix movies...
2024-08-15 23:12:48,963 - __main__ - INFO - Web scraping completed.
2024-08-15 23:12:48,963 - __main__ - INFO - Starting ratings extraction...
2024-08-15 23:13:55,320 - __main__ - INFO - Ratings extraction completed.
2024-08-15 23:13:55,333 - __main__ - INFO - Starting ratings transformation...
2024-08-15 23:14:43,317 - __main__ - INFO - Ratings transformation completed.
2024-08-15 23:14:43,318 - __main__ - INFO - Starting all movies transformation...
2024-08-15 23:15:22,340 - __main__ - INFO - All movies transformation completed.
2024-08-15 23:15:22,340 - __main__ - INFO - Starting to add Golden Globe awards...
2024-08-15 23:15:23,253 - __main__ - INFO - Golden Globe awards added.
2024-08-15 23:15:23,254 - __main__ - INFO - Starting to merge IMDb Oscar awards...
2024-08-15 23:15:25,384 - __main__ - INFO - Oscar awards merged.
2024-08-15 23:15:25,384 - __main__ - INFO - Starting genre mapping...
2024-08-15 23:15:26,714 - __main__ - INFO - Genre mapping completed: {'Romance': 0, 'Documentary': 1, 'Action': 2, 'Drama': 3, 'Adventure': 4, '\\N': 5, 'Biography': 6, 'War': 7, 'History': 8, 'Western': 9, 'Crime': 10, 'Comedy': 11, 'Horror': 12, 'Fantasy': 13, 'Mystery': 14, 'Family': 15, 'Animation': 16, 'Music': 17, 'Sci-Fi': 18, 'Thriller': 19, 'Musical': 20, 'Film-Noir': 21, 'Sport': 22, 'Game-Show': 23, 'News': 24, 'Talk-Show': 25, 'Adult': 26, 'Reality-TV': 27, ' & Me': 28, ' the Naked Girl': 29, ' 3': 30, 'Short': 31, ' du beurre': 32, ' Erases': 33}
2024-08-15 23:15:26,716 - __main__ - INFO - Loading datasets...
2024-08-15 23:15:26,963 - __main__ - INFO - Datasets loaded.
2024-08-15 23:15:26,964 - __main__ - INFO - Performing descriptive analysis...
2024-08-15 23:15:27,524 - __main__ - INFO - Descriptive analysis completed.
2024-08-15 23:15:27,524 - __main__ - INFO - Preprocessing data for model...
2024-08-15 23:15:27,909 - __main__ - INFO - Model predictions completed.
2024-08-15 23:15:27,909 - __main__ - INFO - Evaluating model recommendations...
2024-08-15 23:15:27,929 - __main__ - INFO - Model evaluation completed.
2024-08-15 23:15:27,929 - __main__ - INFO - Turning genres into strings...
2024-08-15 23:15:27,943 - __main__ - INFO - Reverting genres
2024-08-15 23:15:27,943 - __main__ - INFO - Recommendation genre creation...
2024-08-15 23:15:48,348 - __main__ - INFO - Starting to download datasets...
2024-08-15 23:16:11,223 - __main__ - INFO - IMDB datasets downloaded.
2024-08-15 23:16:13,149 - __main__ - INFO - Kaggle datasets downloaded.
2024-08-15 23:16:13,150 - __main__ - INFO - Starting web scraping for combined Netflix movies...
2024-08-15 23:16:42,877 - __main__ - INFO - Web scraping completed.
2024-08-15 23:16:42,877 - __main__ - INFO - Starting ratings extraction...
2024-08-15 23:17:49,344 - __main__ - INFO - Ratings extraction completed.
2024-08-15 23:17:49,345 - __main__ - INFO - Starting ratings transformation...
2024-08-15 23:17:59,517 - __main__ - INFO - Starting to download datasets...
2024-08-15 23:18:23,628 - __main__ - INFO - IMDB datasets downloaded.
2024-08-15 23:18:25,553 - __main__ - INFO - Kaggle datasets downloaded.
2024-08-15 23:18:25,554 - __main__ - INFO - Starting web scraping for combined Netflix movies...
2024-08-15 23:19:04,628 - __main__ - INFO - Web scraping completed.
2024-08-15 23:19:04,628 - __main__ - INFO - Starting ratings extraction...
2024-08-15 23:20:18,110 - __main__ - INFO - Ratings extraction completed.
2024-08-15 23:20:18,110 - __main__ - INFO - Starting ratings transformation...
2024-08-15 23:21:54,623 - __main__ - INFO - Starting to download datasets...
2024-08-15 23:22:23,521 - __main__ - INFO - IMDB datasets downloaded.
2024-08-15 23:22:25,298 - __main__ - INFO - Kaggle datasets downloaded.
2024-08-15 23:22:25,299 - __main__ - INFO - Starting web scraping for combined Netflix movies...
2024-08-15 23:23:03,910 - __main__ - INFO - Web scraping completed.
2024-08-15 23:23:03,916 - __main__ - INFO - Starting ratings extraction...
2024-08-15 23:25:03,846 - __main__ - INFO - Ratings extraction completed.
2024-08-15 23:25:03,847 - __main__ - INFO - Starting ratings transformation...
2024-08-15 23:25:53,917 - __main__ - INFO - Ratings transformation completed.
2024-08-15 23:25:53,917 - __main__ - INFO - Starting all movies transformation...
2024-08-15 23:26:59,214 - __main__ - INFO - All movies transformation completed.
2024-08-15 23:26:59,215 - __main__ - INFO - Starting to add Golden Globe awards...
2024-08-15 23:27:01,374 - __main__ - INFO - Golden Globe awards added.
2024-08-15 23:27:01,375 - __main__ - INFO - Starting to merge IMDb Oscar awards...
2024-08-15 23:27:06,752 - __main__ - INFO - Oscar awards merged.
2024-08-15 23:27:06,752 - __main__ - INFO - Starting genre mapping...
2024-08-15 23:27:10,162 - __main__ - INFO - Genre mapping completed: {'Romance': 0, 'Documentary': 1, 'Action': 2, 'Drama': 3, 'Adventure': 4, '\\N': 5, 'Biography': 6, 'War': 7, 'History': 8, 'Western': 9, 'Crime': 10, 'Comedy': 11, 'Horror': 12, 'Fantasy': 13, 'Mystery': 14, 'Family': 15, 'Animation': 16, 'Music': 17, 'Sci-Fi': 18, 'Thriller': 19, 'Musical': 20, 'Film-Noir': 21, 'Sport': 22, 'Game-Show': 23, 'News': 24, 'Talk-Show': 25, 'Adult': 26, 'Reality-TV': 27, ' & Me': 28, ' the Naked Girl': 29, ' 3': 30, 'Short': 31, ' du beurre': 32, ' Erases': 33}
2024-08-15 23:27:10,164 - __main__ - INFO - Loading datasets...
2024-08-15 23:27:10,759 - __main__ - INFO - Datasets loaded.
2024-08-15 23:27:10,760 - __main__ - INFO - Performing descriptive analysis...
2024-08-15 23:27:12,298 - __main__ - INFO - Descriptive analysis completed.
2024-08-15 23:27:12,299 - __main__ - INFO - Preprocessing data for model...
2024-08-15 23:27:13,349 - __main__ - INFO - Model predictions completed.
2024-08-15 23:27:13,350 - __main__ - INFO - Evaluating model recommendations...
2024-08-15 23:27:13,383 - __main__ - INFO - Model evaluation completed.
2024-08-15 23:27:13,384 - __main__ - INFO - Turning genres into strings...
2024-08-15 23:27:13,421 - __main__ - INFO - Reverting genres
2024-08-15 23:27:13,421 - __main__ - INFO - Recommendation genre creation...
2024-08-15 23:47:37,454 - __main__ - INFO - Starting to download datasets...
2024-08-15 23:48:02,165 - __main__ - INFO - IMDB datasets downloaded.
2024-08-15 23:48:03,960 - __main__ - INFO - Kaggle datasets downloaded.
2024-08-15 23:48:03,961 - __main__ - INFO - Starting web scraping for combined Netflix movies...
2024-08-15 23:48:47,905 - __main__ - INFO - Web scraping completed.
2024-08-15 23:48:47,905 - __main__ - INFO - Starting ratings extraction...
2024-08-15 23:51:33,498 - __main__ - INFO - Ratings extraction completed.
2024-08-15 23:51:33,498 - __main__ - INFO - Starting ratings transformation...
2024-08-15 23:53:34,012 - __main__ - INFO - Ratings transformation completed.
2024-08-15 23:53:34,013 - __main__ - INFO - Starting all movies transformation...
2024-08-15 23:54:37,644 - __main__ - INFO - All movies transformation completed.
2024-08-15 23:54:37,644 - __main__ - INFO - Starting to add Golden Globe awards...
2024-08-15 23:54:38,673 - __main__ - INFO - Golden Globe awards added.
2024-08-15 23:54:38,673 - __main__ - INFO - Starting to merge IMDb Oscar awards...
2024-08-15 23:54:41,159 - __main__ - INFO - Oscar awards merged.
2024-08-15 23:54:41,159 - __main__ - INFO - Starting genre mapping...
2024-08-15 23:54:42,634 - __main__ - INFO - Genre mapping completed: {'Romance': 0, 'Documentary': 1, 'Action': 2, 'Drama': 3, 'Adventure': 4, '\\N': 5, 'Biography': 6, 'War': 7, 'History': 8, 'Western': 9, 'Crime': 10, 'Comedy': 11, 'Horror': 12, 'Fantasy': 13, 'Mystery': 14, 'Family': 15, 'Animation': 16, 'Music': 17, 'Sci-Fi': 18, 'Thriller': 19, 'Musical': 20, 'Film-Noir': 21, 'Sport': 22, 'Game-Show': 23, 'News': 24, 'Talk-Show': 25, 'Adult': 26, 'Reality-TV': 27, ' & Me': 28, ' the Naked Girl': 29, ' 3': 30, 'Short': 31, ' du beurre': 32, ' Erases': 33}
2024-08-15 23:54:42,636 - __main__ - INFO - Loading datasets...
2024-08-15 23:54:42,884 - __main__ - INFO - Datasets loaded.
2024-08-15 23:54:42,884 - __main__ - INFO - Performing descriptive analysis...
2024-08-15 23:54:43,564 - __main__ - INFO - Descriptive analysis completed.
2024-08-15 23:54:43,564 - __main__ - INFO - Preprocessing data for model...
2024-08-15 23:54:43,982 - __main__ - INFO - Model predictions completed.
2024-08-15 23:54:43,982 - __main__ - INFO - Evaluating model recommendations...
2024-08-15 23:54:44,006 - __main__ - INFO - Model evaluation completed.
2024-08-15 23:54:44,006 - __main__ - INFO - Turning genres into strings...
2024-08-15 23:54:44,022 - __main__ - INFO - Reverting genres
2024-08-15 23:54:44,022 - __main__ - INFO - Recommendation genre creation...
